[ 2017-05-28T20:39:02+08:00 ] 34.209.5.10 /
INFO: [ app_init ] --START--
INFO: Run Behavior\BuildLiteBehavior [ RunTime:0.000024s ]
INFO: [ app_init ] --END-- [ RunTime:0.000879s ]
INFO: [ app_begin ] --START--
INFO: Run Behavior\ReadHtmlCacheBehavior [ RunTime:0.001212s ]
INFO: [ app_begin ] --END-- [ RunTime:0.001280s ]
SQL: SHOW COLUMNS FROM `icebbs_website` [ RunTime:0.0094s ]
SQL: SELECT * FROM `icebbs_website` WHERE ( status_id=1 )  [ RunTime:0.0007s ]
SQL: SHOW COLUMNS FROM `icebbs_bbs_board` [ RunTime:0.0009s ]
SQL: SELECT COUNT(*) AS tp_count FROM `icebbs_bbs_board` LIMIT 1   [ RunTime:0.0004s ]
SQL: SELECT * FROM `icebbs_bbs_board`  [ RunTime:0.0005s ]
SQL: SHOW COLUMNS FROM `icebbs_bbs_post` [ RunTime:0.0011s ]
SQL: SELECT * FROM `icebbs_bbs_post` WHERE ( post_board_id='1' ) ORDER BY post_respond_time desc LIMIT 3   [ RunTime:0.0006s ]
SQL: SELECT COUNT(*) AS tp_count FROM `icebbs_bbs_post` WHERE ( post_board_id='1' ) ORDER BY post_respond_time desc LIMIT 1   [ RunTime:0.0006s ]
SQL: SELECT * FROM `icebbs_bbs_post` WHERE ( post_board_id='2' ) ORDER BY post_respond_time desc LIMIT 3   [ RunTime:0.0011s ]
SQL: SELECT COUNT(*) AS tp_count FROM `icebbs_bbs_post` WHERE ( post_board_id='2' ) ORDER BY post_respond_time desc LIMIT 1   [ RunTime:0.0009s ]
SQL: SELECT * FROM `icebbs_bbs_post` WHERE ( post_board_id='3' ) ORDER BY post_respond_time desc LIMIT 3   [ RunTime:0.0006s ]
SQL: SELECT COUNT(*) AS tp_count FROM `icebbs_bbs_post` WHERE ( post_board_id='3' ) ORDER BY post_respond_time desc LIMIT 1   [ RunTime:0.0008s ]
SQL: SELECT * FROM `icebbs_bbs_post` WHERE ( post_board_id='4' ) ORDER BY post_respond_time desc LIMIT 3   [ RunTime:0.0007s ]
SQL: SELECT COUNT(*) AS tp_count FROM `icebbs_bbs_post` WHERE ( post_board_id='4' ) ORDER BY post_respond_time desc LIMIT 1   [ RunTime:0.0009s ]
SQL: SELECT * FROM `icebbs_bbs_post` WHERE ( post_board_id='5' ) ORDER BY post_respond_time desc LIMIT 3   [ RunTime:0.0008s ]
SQL: SELECT COUNT(*) AS tp_count FROM `icebbs_bbs_post` WHERE ( post_board_id='5' ) ORDER BY post_respond_time desc LIMIT 1   [ RunTime:0.0005s ]
SQL: SELECT * FROM `icebbs_bbs_post` WHERE ( post_board_id='6' ) ORDER BY post_respond_time desc LIMIT 3   [ RunTime:0.0006s ]
SQL: SELECT COUNT(*) AS tp_count FROM `icebbs_bbs_post` WHERE ( post_board_id='6' ) ORDER BY post_respond_time desc LIMIT 1   [ RunTime:0.0004s ]
SQL: SELECT * FROM `icebbs_bbs_post` WHERE ( post_board_id='8' ) ORDER BY post_respond_time desc LIMIT 3   [ RunTime:0.0005s ]
SQL: SELECT COUNT(*) AS tp_count FROM `icebbs_bbs_post` WHERE ( post_board_id='8' ) ORDER BY post_respond_time desc LIMIT 1   [ RunTime:0.0004s ]
SQL: SELECT COUNT(*) AS tp_count FROM `icebbs_bbs_post` LIMIT 1   [ RunTime:0.0005s ]
SQL: SELECT * FROM `icebbs_bbs_post` ORDER BY post_respond_time desc LIMIT 0,5   [ RunTime:0.0006s ]
SQL: SHOW COLUMNS FROM `icebbs_article` [ RunTime:0.0013s ]
SQL: SELECT COUNT(*) AS tp_count FROM `icebbs_article` WHERE ( article_status!=3 ) LIMIT 1   [ RunTime:0.0005s ]
SQL: SELECT * FROM `icebbs_article` WHERE ( article_status!=3 ) ORDER BY article_respond_time desc LIMIT 0,5   [ RunTime:0.0016s ]
SQL: SHOW COLUMNS FROM `icebbs_message` [ RunTime:0.0014s ]
SQL: SELECT COUNT(*) AS tp_count FROM `icebbs_message` WHERE ( message_to_id='' and message_if_read=0 ) LIMIT 1   [ RunTime:0.0006s ]
SQL: SHOW COLUMNS FROM `icebbs_atmessage` [ RunTime:0.0009s ]
SQL: SELECT COUNT(*) AS tp_count FROM `icebbs_atmessage` WHERE ( atmessage_to_user_id='' and atmessage_if_read=0 ) LIMIT 1   [ RunTime:0.0008s ]
INFO: [ view_parse ] --START--
INFO: [ template_filter ] --START--
INFO: Run Behavior\ContentReplaceBehavior [ RunTime:0.000229s ]
INFO: [ template_filter ] --END-- [ RunTime:0.000305s ]
SQL: SHOW COLUMNS FROM `icebbs_user` [ RunTime:0.0013s ]
SQL: SELECT `user_img` FROM `icebbs_user` WHERE ( user_id='1' ) LIMIT 1   [ RunTime:0.0006s ]
SQL: SELECT `user_img` FROM `icebbs_user` WHERE ( user_id='1' ) LIMIT 1   [ RunTime:0.0008s ]
SQL: SELECT `user_img` FROM `icebbs_user` WHERE ( user_id='1' ) LIMIT 1   [ RunTime:0.0004s ]
SQL: SELECT `user_img` FROM `icebbs_user` WHERE ( user_id='1' ) LIMIT 1   [ RunTime:0.0008s ]
SQL: SELECT `user_img` FROM `icebbs_user` WHERE ( user_id='1' ) LIMIT 1   [ RunTime:0.0005s ]
NOTIC: [8] Undefined variable: page /www/users/HA361027/WEB/Home/Runtime/Cache/Home/4df4e807ed7b0acb80ed1668d8e82f95.php 第 230 行.
INFO: Run Behavior\ParseTemplateBehavior [ RunTime:0.031119s ]
INFO: [ view_parse ] --END-- [ RunTime:0.031186s ]
INFO: [ view_filter ] --START--
INFO: Run Behavior\WriteHtmlCacheBehavior [ RunTime:0.000863s ]
INFO: [ view_filter ] --END-- [ RunTime:0.000922s ]
INFO: [ app_end ] --START--
INFO: Run Behavior\ShowPageTraceBehavior [ RunTime:0.001671s ]
INFO: [ app_end ] --END-- [ RunTime:0.001737s ]

[ 2017-05-28T21:13:09+08:00 ] 220.181.165.67 /
INFO: [ app_init ] --START--
INFO: Run Behavior\BuildLiteBehavior [ RunTime:0.000025s ]
INFO: [ app_init ] --END-- [ RunTime:0.000890s ]
INFO: [ app_begin ] --START--
INFO: Run Behavior\ReadHtmlCacheBehavior [ RunTime:0.001220s ]
INFO: [ app_begin ] --END-- [ RunTime:0.001286s ]
SQL: SHOW COLUMNS FROM `icebbs_website` [ RunTime:0.0023s ]
SQL: SELECT * FROM `icebbs_website` WHERE ( status_id=1 )  [ RunTime:0.0016s ]
NOTIC: [8] Undefined index: think_template /www/users/HA361027/WEB/Home/Home/Controller/IndexController.class.php 第 45 行.
SQL: SHOW COLUMNS FROM `icebbs_bbs_board` [ RunTime:0.0012s ]
SQL: SELECT COUNT(*) AS tp_count FROM `icebbs_bbs_board` LIMIT 1   [ RunTime:0.0008s ]
SQL: SELECT * FROM `icebbs_bbs_board`  [ RunTime:0.0012s ]
SQL: SHOW COLUMNS FROM `icebbs_bbs_post` [ RunTime:0.0013s ]
SQL: SELECT * FROM `icebbs_bbs_post` WHERE ( post_board_id='1' ) ORDER BY post_respond_time desc LIMIT 3   [ RunTime:0.0014s ]
SQL: SELECT COUNT(*) AS tp_count FROM `icebbs_bbs_post` WHERE ( post_board_id='1' ) ORDER BY post_respond_time desc LIMIT 1   [ RunTime:0.0004s ]
SQL: SELECT * FROM `icebbs_bbs_post` WHERE ( post_board_id='2' ) ORDER BY post_respond_time desc LIMIT 3   [ RunTime:0.0006s ]
SQL: SELECT COUNT(*) AS tp_count FROM `icebbs_bbs_post` WHERE ( post_board_id='2' ) ORDER BY post_respond_time desc LIMIT 1   [ RunTime:0.0005s ]
SQL: SELECT * FROM `icebbs_bbs_post` WHERE ( post_board_id='3' ) ORDER BY post_respond_time desc LIMIT 3   [ RunTime:0.0005s ]
SQL: SELECT COUNT(*) AS tp_count FROM `icebbs_bbs_post` WHERE ( post_board_id='3' ) ORDER BY post_respond_time desc LIMIT 1   [ RunTime:0.0006s ]
SQL: SELECT * FROM `icebbs_bbs_post` WHERE ( post_board_id='4' ) ORDER BY post_respond_time desc LIMIT 3   [ RunTime:0.0012s ]
SQL: SELECT COUNT(*) AS tp_count FROM `icebbs_bbs_post` WHERE ( post_board_id='4' ) ORDER BY post_respond_time desc LIMIT 1   [ RunTime:0.0016s ]
SQL: SELECT * FROM `icebbs_bbs_post` WHERE ( post_board_id='5' ) ORDER BY post_respond_time desc LIMIT 3   [ RunTime:0.0010s ]
SQL: SELECT COUNT(*) AS tp_count FROM `icebbs_bbs_post` WHERE ( post_board_id='5' ) ORDER BY post_respond_time desc LIMIT 1   [ RunTime:0.0005s ]
SQL: SELECT * FROM `icebbs_bbs_post` WHERE ( post_board_id='6' ) ORDER BY post_respond_time desc LIMIT 3   [ RunTime:0.0007s ]
SQL: SELECT COUNT(*) AS tp_count FROM `icebbs_bbs_post` WHERE ( post_board_id='6' ) ORDER BY post_respond_time desc LIMIT 1   [ RunTime:0.0007s ]
SQL: SELECT * FROM `icebbs_bbs_post` WHERE ( post_board_id='8' ) ORDER BY post_respond_time desc LIMIT 3   [ RunTime:0.0005s ]
SQL: SELECT COUNT(*) AS tp_count FROM `icebbs_bbs_post` WHERE ( post_board_id='8' ) ORDER BY post_respond_time desc LIMIT 1   [ RunTime:0.0005s ]
SQL: SELECT COUNT(*) AS tp_count FROM `icebbs_bbs_post` LIMIT 1   [ RunTime:0.0005s ]
SQL: SELECT * FROM `icebbs_bbs_post` ORDER BY post_respond_time desc LIMIT 0,5   [ RunTime:0.0007s ]
SQL: SHOW COLUMNS FROM `icebbs_article` [ RunTime:0.0011s ]
SQL: SELECT COUNT(*) AS tp_count FROM `icebbs_article` WHERE ( article_status!=3 ) LIMIT 1   [ RunTime:0.0008s ]
SQL: SELECT * FROM `icebbs_article` WHERE ( article_status!=3 ) ORDER BY article_respond_time desc LIMIT 0,5   [ RunTime:0.0025s ]
SQL: SHOW COLUMNS FROM `icebbs_message` [ RunTime:0.0011s ]
SQL: SELECT COUNT(*) AS tp_count FROM `icebbs_message` WHERE ( message_to_id='' and message_if_read=0 ) LIMIT 1   [ RunTime:0.0008s ]
SQL: SHOW COLUMNS FROM `icebbs_atmessage` [ RunTime:0.0014s ]
SQL: SELECT COUNT(*) AS tp_count FROM `icebbs_atmessage` WHERE ( atmessage_to_user_id='' and atmessage_if_read=0 ) LIMIT 1   [ RunTime:0.0005s ]
INFO: [ view_parse ] --START--
INFO: [ template_filter ] --START--
INFO: Run Behavior\ContentReplaceBehavior [ RunTime:0.000216s ]
INFO: [ template_filter ] --END-- [ RunTime:0.000287s ]
SQL: SHOW COLUMNS FROM `icebbs_user` [ RunTime:0.0023s ]
SQL: SELECT `user_img` FROM `icebbs_user` WHERE ( user_id='1' ) LIMIT 1   [ RunTime:0.0005s ]
SQL: SELECT `user_img` FROM `icebbs_user` WHERE ( user_id='1' ) LIMIT 1   [ RunTime:0.0007s ]
SQL: SELECT `user_img` FROM `icebbs_user` WHERE ( user_id='1' ) LIMIT 1   [ RunTime:0.0004s ]
SQL: SELECT `user_img` FROM `icebbs_user` WHERE ( user_id='1' ) LIMIT 1   [ RunTime:0.0005s ]
SQL: SELECT `user_img` FROM `icebbs_user` WHERE ( user_id='1' ) LIMIT 1   [ RunTime:0.0007s ]
NOTIC: [8] Undefined variable: page /www/users/HA361027/WEB/Home/Runtime/Cache/Home/4df4e807ed7b0acb80ed1668d8e82f95.php 第 230 行.
INFO: Run Behavior\ParseTemplateBehavior [ RunTime:0.031693s ]
INFO: [ view_parse ] --END-- [ RunTime:0.031761s ]
INFO: [ view_filter ] --START--
INFO: Run Behavior\WriteHtmlCacheBehavior [ RunTime:0.000504s ]
INFO: [ view_filter ] --END-- [ RunTime:0.000561s ]
INFO: [ app_end ] --START--
INFO: Run Behavior\ShowPageTraceBehavior [ RunTime:0.001343s ]
INFO: [ app_end ] --END-- [ RunTime:0.001408s ]

[ 2017-05-28T21:13:17+08:00 ] 220.181.165.67 /
INFO: [ app_init ] --START--
INFO: Run Behavior\BuildLiteBehavior [ RunTime:0.000025s ]
INFO: [ app_init ] --END-- [ RunTime:0.000880s ]
INFO: [ app_begin ] --START--
INFO: Run Behavior\ReadHtmlCacheBehavior [ RunTime:0.001226s ]
INFO: [ app_begin ] --END-- [ RunTime:0.001293s ]
SQL: SHOW COLUMNS FROM `icebbs_website` [ RunTime:0.0014s ]
SQL: SELECT * FROM `icebbs_website` WHERE ( status_id=1 )  [ RunTime:0.0006s ]
NOTIC: [8] Undefined index: think_template /www/users/HA361027/WEB/Home/Home/Controller/IndexController.class.php 第 45 行.
SQL: SHOW COLUMNS FROM `icebbs_bbs_board` [ RunTime:0.0007s ]
SQL: SELECT COUNT(*) AS tp_count FROM `icebbs_bbs_board` LIMIT 1   [ RunTime:0.0005s ]
SQL: SELECT * FROM `icebbs_bbs_board`  [ RunTime:0.0004s ]
SQL: SHOW COLUMNS FROM `icebbs_bbs_post` [ RunTime:0.0008s ]
SQL: SELECT * FROM `icebbs_bbs_post` WHERE ( post_board_id='1' ) ORDER BY post_respond_time desc LIMIT 3   [ RunTime:0.0007s ]
SQL: SELECT COUNT(*) AS tp_count FROM `icebbs_bbs_post` WHERE ( post_board_id='1' ) ORDER BY post_respond_time desc LIMIT 1   [ RunTime:0.0005s ]
SQL: SELECT * FROM `icebbs_bbs_post` WHERE ( post_board_id='2' ) ORDER BY post_respond_time desc LIMIT 3   [ RunTime:0.0005s ]
SQL: SELECT COUNT(*) AS tp_count FROM `icebbs_bbs_post` WHERE ( post_board_id='2' ) ORDER BY post_respond_time desc LIMIT 1   [ RunTime:0.0004s ]
SQL: SELECT * FROM `icebbs_bbs_post` WHERE ( post_board_id='3' ) ORDER BY post_respond_time desc LIMIT 3   [ RunTime:0.0006s ]
SQL: SELECT COUNT(*) AS tp_count FROM `icebbs_bbs_post` WHERE ( post_board_id='3' ) ORDER BY post_respond_time desc LIMIT 1   [ RunTime:0.0004s ]
SQL: SELECT * FROM `icebbs_bbs_post` WHERE ( post_board_id='4' ) ORDER BY post_respond_time desc LIMIT 3   [ RunTime:0.0006s ]
SQL: SELECT COUNT(*) AS tp_count FROM `icebbs_bbs_post` WHERE ( post_board_id='4' ) ORDER BY post_respond_time desc LIMIT 1   [ RunTime:0.0004s ]
SQL: SELECT * FROM `icebbs_bbs_post` WHERE ( post_board_id='5' ) ORDER BY post_respond_time desc LIMIT 3   [ RunTime:0.0006s ]
SQL: SELECT COUNT(*) AS tp_count FROM `icebbs_bbs_post` WHERE ( post_board_id='5' ) ORDER BY post_respond_time desc LIMIT 1   [ RunTime:0.0004s ]
SQL: SELECT * FROM `icebbs_bbs_post` WHERE ( post_board_id='6' ) ORDER BY post_respond_time desc LIMIT 3   [ RunTime:0.0006s ]
SQL: SELECT COUNT(*) AS tp_count FROM `icebbs_bbs_post` WHERE ( post_board_id='6' ) ORDER BY post_respond_time desc LIMIT 1   [ RunTime:0.0004s ]
SQL: SELECT * FROM `icebbs_bbs_post` WHERE ( post_board_id='8' ) ORDER BY post_respond_time desc LIMIT 3   [ RunTime:0.0005s ]
SQL: SELECT COUNT(*) AS tp_count FROM `icebbs_bbs_post` WHERE ( post_board_id='8' ) ORDER BY post_respond_time desc LIMIT 1   [ RunTime:0.0005s ]
SQL: SELECT COUNT(*) AS tp_count FROM `icebbs_bbs_post` LIMIT 1   [ RunTime:0.0003s ]
SQL: SELECT * FROM `icebbs_bbs_post` ORDER BY post_respond_time desc LIMIT 0,5   [ RunTime:0.0007s ]
SQL: SHOW COLUMNS FROM `icebbs_article` [ RunTime:0.0011s ]
SQL: SELECT COUNT(*) AS tp_count FROM `icebbs_article` WHERE ( article_status!=3 ) LIMIT 1   [ RunTime:0.0005s ]
SQL: SELECT * FROM `icebbs_article` WHERE ( article_status!=3 ) ORDER BY article_respond_time desc LIMIT 0,5   [ RunTime:0.0021s ]
SQL: SHOW COLUMNS FROM `icebbs_message` [ RunTime:0.0008s ]
SQL: SELECT COUNT(*) AS tp_count FROM `icebbs_message` WHERE ( message_to_id='' and message_if_read=0 ) LIMIT 1   [ RunTime:0.0004s ]
SQL: SHOW COLUMNS FROM `icebbs_atmessage` [ RunTime:0.0008s ]
SQL: SELECT COUNT(*) AS tp_count FROM `icebbs_atmessage` WHERE ( atmessage_to_user_id='' and atmessage_if_read=0 ) LIMIT 1   [ RunTime:0.0006s ]
INFO: [ view_parse ] --START--
INFO: [ template_filter ] --START--
INFO: Run Behavior\ContentReplaceBehavior [ RunTime:0.000218s ]
INFO: [ template_filter ] --END-- [ RunTime:0.000291s ]
SQL: SHOW COLUMNS FROM `icebbs_user` [ RunTime:0.0012s ]
SQL: SELECT `user_img` FROM `icebbs_user` WHERE ( user_id='1' ) LIMIT 1   [ RunTime:0.0007s ]
SQL: SELECT `user_img` FROM `icebbs_user` WHERE ( user_id='1' ) LIMIT 1   [ RunTime:0.0007s ]
SQL: SELECT `user_img` FROM `icebbs_user` WHERE ( user_id='1' ) LIMIT 1   [ RunTime:0.0005s ]
SQL: SELECT `user_img` FROM `icebbs_user` WHERE ( user_id='1' ) LIMIT 1   [ RunTime:0.0004s ]
SQL: SELECT `user_img` FROM `icebbs_user` WHERE ( user_id='1' ) LIMIT 1   [ RunTime:0.0004s ]
NOTIC: [8] Undefined variable: page /www/users/HA361027/WEB/Home/Runtime/Cache/Home/4df4e807ed7b0acb80ed1668d8e82f95.php 第 230 行.
INFO: Run Behavior\ParseTemplateBehavior [ RunTime:0.032962s ]
INFO: [ view_parse ] --END-- [ RunTime:0.033034s ]
INFO: [ view_filter ] --START--
INFO: Run Behavior\WriteHtmlCacheBehavior [ RunTime:0.000550s ]
INFO: [ view_filter ] --END-- [ RunTime:0.000637s ]
INFO: [ app_end ] --START--
INFO: Run Behavior\ShowPageTraceBehavior [ RunTime:0.002570s ]
INFO: [ app_end ] --END-- [ RunTime:0.002638s ]

