[ 2017-05-31T01:12:22+08:00 ] 180.149.130.151 /
INFO: [ app_init ] --START--
INFO: Run Behavior\BuildLiteBehavior [ RunTime:0.000025s ]
INFO: [ app_init ] --END-- [ RunTime:0.000942s ]
INFO: [ app_begin ] --START--
INFO: Run Behavior\ReadHtmlCacheBehavior [ RunTime:0.001222s ]
INFO: [ app_begin ] --END-- [ RunTime:0.001290s ]
SQL: SHOW COLUMNS FROM `icebbs_website` [ RunTime:0.0020s ]
SQL: SELECT * FROM `icebbs_website` WHERE ( status_id=1 )  [ RunTime:0.0007s ]
NOTIC: [8] Undefined index: think_template /www/users/HA361027/WEB/Home/Home/Controller/IndexController.class.php 第 45 行.
SQL: SHOW COLUMNS FROM `icebbs_bbs_board` [ RunTime:0.0013s ]
SQL: SELECT COUNT(*) AS tp_count FROM `icebbs_bbs_board` LIMIT 1   [ RunTime:0.0005s ]
SQL: SELECT * FROM `icebbs_bbs_board`  [ RunTime:0.0005s ]
SQL: SHOW COLUMNS FROM `icebbs_bbs_post` [ RunTime:0.0012s ]
SQL: SELECT * FROM `icebbs_bbs_post` WHERE ( post_board_id='1' ) ORDER BY post_respond_time desc LIMIT 3   [ RunTime:0.0009s ]
SQL: SELECT COUNT(*) AS tp_count FROM `icebbs_bbs_post` WHERE ( post_board_id='1' ) ORDER BY post_respond_time desc LIMIT 1   [ RunTime:0.0005s ]
SQL: SELECT * FROM `icebbs_bbs_post` WHERE ( post_board_id='2' ) ORDER BY post_respond_time desc LIMIT 3   [ RunTime:0.0008s ]
SQL: SELECT COUNT(*) AS tp_count FROM `icebbs_bbs_post` WHERE ( post_board_id='2' ) ORDER BY post_respond_time desc LIMIT 1   [ RunTime:0.0005s ]
SQL: SELECT * FROM `icebbs_bbs_post` WHERE ( post_board_id='3' ) ORDER BY post_respond_time desc LIMIT 3   [ RunTime:0.0006s ]
SQL: SELECT COUNT(*) AS tp_count FROM `icebbs_bbs_post` WHERE ( post_board_id='3' ) ORDER BY post_respond_time desc LIMIT 1   [ RunTime:0.0008s ]
SQL: SELECT * FROM `icebbs_bbs_post` WHERE ( post_board_id='4' ) ORDER BY post_respond_time desc LIMIT 3   [ RunTime:0.0009s ]
SQL: SELECT COUNT(*) AS tp_count FROM `icebbs_bbs_post` WHERE ( post_board_id='4' ) ORDER BY post_respond_time desc LIMIT 1   [ RunTime:0.0008s ]
SQL: SELECT * FROM `icebbs_bbs_post` WHERE ( post_board_id='5' ) ORDER BY post_respond_time desc LIMIT 3   [ RunTime:0.0008s ]
SQL: SELECT COUNT(*) AS tp_count FROM `icebbs_bbs_post` WHERE ( post_board_id='5' ) ORDER BY post_respond_time desc LIMIT 1   [ RunTime:0.0005s ]
SQL: SELECT * FROM `icebbs_bbs_post` WHERE ( post_board_id='6' ) ORDER BY post_respond_time desc LIMIT 3   [ RunTime:0.0016s ]
SQL: SELECT COUNT(*) AS tp_count FROM `icebbs_bbs_post` WHERE ( post_board_id='6' ) ORDER BY post_respond_time desc LIMIT 1   [ RunTime:0.0007s ]
SQL: SELECT * FROM `icebbs_bbs_post` WHERE ( post_board_id='8' ) ORDER BY post_respond_time desc LIMIT 3   [ RunTime:0.0008s ]
SQL: SELECT COUNT(*) AS tp_count FROM `icebbs_bbs_post` WHERE ( post_board_id='8' ) ORDER BY post_respond_time desc LIMIT 1   [ RunTime:0.0010s ]
SQL: SELECT COUNT(*) AS tp_count FROM `icebbs_bbs_post` LIMIT 1   [ RunTime:0.0008s ]
SQL: SELECT * FROM `icebbs_bbs_post` ORDER BY post_respond_time desc LIMIT 0,5   [ RunTime:0.0009s ]
SQL: SHOW COLUMNS FROM `icebbs_article` [ RunTime:0.0012s ]
SQL: SELECT COUNT(*) AS tp_count FROM `icebbs_article` WHERE ( article_status!=3 ) LIMIT 1   [ RunTime:0.0005s ]
SQL: SELECT * FROM `icebbs_article` WHERE ( article_status!=3 ) ORDER BY article_respond_time desc LIMIT 0,5   [ RunTime:0.0017s ]
SQL: SHOW COLUMNS FROM `icebbs_message` [ RunTime:0.0010s ]
SQL: SELECT COUNT(*) AS tp_count FROM `icebbs_message` WHERE ( message_to_id='' and message_if_read=0 ) LIMIT 1   [ RunTime:0.0007s ]
SQL: SHOW COLUMNS FROM `icebbs_atmessage` [ RunTime:0.0013s ]
SQL: SELECT COUNT(*) AS tp_count FROM `icebbs_atmessage` WHERE ( atmessage_to_user_id='' and atmessage_if_read=0 ) LIMIT 1   [ RunTime:0.0005s ]
INFO: [ view_parse ] --START--
INFO: [ template_filter ] --START--
INFO: Run Behavior\ContentReplaceBehavior [ RunTime:0.000218s ]
INFO: [ template_filter ] --END-- [ RunTime:0.000296s ]
SQL: SHOW COLUMNS FROM `icebbs_user` [ RunTime:0.0016s ]
SQL: SELECT `user_img` FROM `icebbs_user` WHERE ( user_id='1' ) LIMIT 1   [ RunTime:0.0008s ]
SQL: SELECT `user_img` FROM `icebbs_user` WHERE ( user_id='1' ) LIMIT 1   [ RunTime:0.0006s ]
SQL: SELECT `user_img` FROM `icebbs_user` WHERE ( user_id='1' ) LIMIT 1   [ RunTime:0.0007s ]
SQL: SELECT `user_img` FROM `icebbs_user` WHERE ( user_id='1' ) LIMIT 1   [ RunTime:0.0005s ]
SQL: SELECT `user_img` FROM `icebbs_user` WHERE ( user_id='1' ) LIMIT 1   [ RunTime:0.0005s ]
NOTIC: [8] Undefined variable: page /www/users/HA361027/WEB/Home/Runtime/Cache/Home/4df4e807ed7b0acb80ed1668d8e82f95.php 第 231 行.
INFO: Run Behavior\ParseTemplateBehavior [ RunTime:0.033088s ]
INFO: [ view_parse ] --END-- [ RunTime:0.033158s ]
INFO: [ view_filter ] --START--
INFO: Run Behavior\WriteHtmlCacheBehavior [ RunTime:0.000584s ]
INFO: [ view_filter ] --END-- [ RunTime:0.000644s ]
INFO: [ app_end ] --START--
INFO: Run Behavior\ShowPageTraceBehavior [ RunTime:0.001400s ]
INFO: [ app_end ] --END-- [ RunTime:0.001466s ]

[ 2017-05-31T01:12:22+08:00 ] 180.149.130.151 /index.php
INFO: [ app_init ] --START--
INFO: Run Behavior\BuildLiteBehavior [ RunTime:0.000026s ]
INFO: [ app_init ] --END-- [ RunTime:0.000974s ]
INFO: [ app_begin ] --START--
INFO: Run Behavior\ReadHtmlCacheBehavior [ RunTime:0.001223s ]
INFO: [ app_begin ] --END-- [ RunTime:0.001291s ]
SQL: SHOW COLUMNS FROM `icebbs_website` [ RunTime:0.0010s ]
SQL: SELECT * FROM `icebbs_website` WHERE ( status_id=1 )  [ RunTime:0.0007s ]
SQL: SHOW COLUMNS FROM `icebbs_bbs_board` [ RunTime:0.0011s ]
SQL: SELECT COUNT(*) AS tp_count FROM `icebbs_bbs_board` LIMIT 1   [ RunTime:0.0008s ]
SQL: SELECT * FROM `icebbs_bbs_board`  [ RunTime:0.0005s ]
SQL: SHOW COLUMNS FROM `icebbs_bbs_post` [ RunTime:0.0015s ]
SQL: SELECT * FROM `icebbs_bbs_post` WHERE ( post_board_id='1' ) ORDER BY post_respond_time desc LIMIT 3   [ RunTime:0.0010s ]
SQL: SELECT COUNT(*) AS tp_count FROM `icebbs_bbs_post` WHERE ( post_board_id='1' ) ORDER BY post_respond_time desc LIMIT 1   [ RunTime:0.0004s ]
SQL: SELECT * FROM `icebbs_bbs_post` WHERE ( post_board_id='2' ) ORDER BY post_respond_time desc LIMIT 3   [ RunTime:0.0009s ]
SQL: SELECT COUNT(*) AS tp_count FROM `icebbs_bbs_post` WHERE ( post_board_id='2' ) ORDER BY post_respond_time desc LIMIT 1   [ RunTime:0.0005s ]
SQL: SELECT * FROM `icebbs_bbs_post` WHERE ( post_board_id='3' ) ORDER BY post_respond_time desc LIMIT 3   [ RunTime:0.0006s ]
SQL: SELECT COUNT(*) AS tp_count FROM `icebbs_bbs_post` WHERE ( post_board_id='3' ) ORDER BY post_respond_time desc LIMIT 1   [ RunTime:0.0006s ]
SQL: SELECT * FROM `icebbs_bbs_post` WHERE ( post_board_id='4' ) ORDER BY post_respond_time desc LIMIT 3   [ RunTime:0.0007s ]
SQL: SELECT COUNT(*) AS tp_count FROM `icebbs_bbs_post` WHERE ( post_board_id='4' ) ORDER BY post_respond_time desc LIMIT 1   [ RunTime:0.0006s ]
SQL: SELECT * FROM `icebbs_bbs_post` WHERE ( post_board_id='5' ) ORDER BY post_respond_time desc LIMIT 3   [ RunTime:0.0006s ]
SQL: SELECT COUNT(*) AS tp_count FROM `icebbs_bbs_post` WHERE ( post_board_id='5' ) ORDER BY post_respond_time desc LIMIT 1   [ RunTime:0.0005s ]
SQL: SELECT * FROM `icebbs_bbs_post` WHERE ( post_board_id='6' ) ORDER BY post_respond_time desc LIMIT 3   [ RunTime:0.0008s ]
SQL: SELECT COUNT(*) AS tp_count FROM `icebbs_bbs_post` WHERE ( post_board_id='6' ) ORDER BY post_respond_time desc LIMIT 1   [ RunTime:0.0006s ]
SQL: SELECT * FROM `icebbs_bbs_post` WHERE ( post_board_id='8' ) ORDER BY post_respond_time desc LIMIT 3   [ RunTime:0.0006s ]
SQL: SELECT COUNT(*) AS tp_count FROM `icebbs_bbs_post` WHERE ( post_board_id='8' ) ORDER BY post_respond_time desc LIMIT 1   [ RunTime:0.0005s ]
SQL: SELECT COUNT(*) AS tp_count FROM `icebbs_bbs_post` LIMIT 1   [ RunTime:0.0005s ]
SQL: SELECT * FROM `icebbs_bbs_post` ORDER BY post_respond_time desc LIMIT 0,5   [ RunTime:0.0011s ]
SQL: SHOW COLUMNS FROM `icebbs_article` [ RunTime:0.0010s ]
SQL: SELECT COUNT(*) AS tp_count FROM `icebbs_article` WHERE ( article_status!=3 ) LIMIT 1   [ RunTime:0.0004s ]
SQL: SELECT * FROM `icebbs_article` WHERE ( article_status!=3 ) ORDER BY article_respond_time desc LIMIT 0,5   [ RunTime:0.0022s ]
SQL: SHOW COLUMNS FROM `icebbs_message` [ RunTime:0.0008s ]
SQL: SELECT COUNT(*) AS tp_count FROM `icebbs_message` WHERE ( message_to_id='' and message_if_read=0 ) LIMIT 1   [ RunTime:0.0012s ]
SQL: SHOW COLUMNS FROM `icebbs_atmessage` [ RunTime:0.0012s ]
SQL: SELECT COUNT(*) AS tp_count FROM `icebbs_atmessage` WHERE ( atmessage_to_user_id='' and atmessage_if_read=0 ) LIMIT 1   [ RunTime:0.0006s ]
INFO: [ view_parse ] --START--
INFO: [ template_filter ] --START--
INFO: Run Behavior\ContentReplaceBehavior [ RunTime:0.000217s ]
INFO: [ template_filter ] --END-- [ RunTime:0.000293s ]
SQL: SHOW COLUMNS FROM `icebbs_user` [ RunTime:0.0012s ]
SQL: SELECT `user_img` FROM `icebbs_user` WHERE ( user_id='1' ) LIMIT 1   [ RunTime:0.0006s ]
SQL: SELECT `user_img` FROM `icebbs_user` WHERE ( user_id='1' ) LIMIT 1   [ RunTime:0.0007s ]
SQL: SELECT `user_img` FROM `icebbs_user` WHERE ( user_id='1' ) LIMIT 1   [ RunTime:0.0006s ]
SQL: SELECT `user_img` FROM `icebbs_user` WHERE ( user_id='1' ) LIMIT 1   [ RunTime:0.0004s ]
SQL: SELECT `user_img` FROM `icebbs_user` WHERE ( user_id='1' ) LIMIT 1   [ RunTime:0.0006s ]
NOTIC: [8] Undefined variable: page /www/users/HA361027/WEB/Home/Runtime/Cache/Home/4df4e807ed7b0acb80ed1668d8e82f95.php 第 231 行.
INFO: Run Behavior\ParseTemplateBehavior [ RunTime:0.030743s ]
INFO: [ view_parse ] --END-- [ RunTime:0.030812s ]
INFO: [ view_filter ] --START--
INFO: Run Behavior\WriteHtmlCacheBehavior [ RunTime:0.000571s ]
INFO: [ view_filter ] --END-- [ RunTime:0.000630s ]
INFO: [ app_end ] --START--
INFO: Run Behavior\ShowPageTraceBehavior [ RunTime:0.001356s ]
INFO: [ app_end ] --END-- [ RunTime:0.001421s ]

[ 2017-05-31T02:12:35+08:00 ] 123.125.71.69 /index.php/Home/Index/index.html
INFO: [ app_init ] --START--
INFO: Run Behavior\BuildLiteBehavior [ RunTime:0.000029s ]
INFO: [ app_init ] --END-- [ RunTime:0.001495s ]
INFO: [ app_begin ] --START--
INFO: Run Behavior\ReadHtmlCacheBehavior [ RunTime:0.002142s ]
INFO: [ app_begin ] --END-- [ RunTime:0.002260s ]
SQL: SHOW COLUMNS FROM `icebbs_website` [ RunTime:0.0017s ]
SQL: SELECT * FROM `icebbs_website` WHERE ( status_id=1 )  [ RunTime:0.0006s ]
NOTIC: [8] Undefined index: think_template /www/users/HA361027/WEB/Home/Home/Controller/IndexController.class.php 第 45 行.
SQL: SHOW COLUMNS FROM `icebbs_bbs_board` [ RunTime:0.0011s ]
SQL: SELECT COUNT(*) AS tp_count FROM `icebbs_bbs_board` LIMIT 1   [ RunTime:0.0005s ]
SQL: SELECT * FROM `icebbs_bbs_board`  [ RunTime:0.0008s ]
SQL: SHOW COLUMNS FROM `icebbs_bbs_post` [ RunTime:0.0011s ]
SQL: SELECT * FROM `icebbs_bbs_post` WHERE ( post_board_id='1' ) ORDER BY post_respond_time desc LIMIT 3   [ RunTime:0.0008s ]
SQL: SELECT COUNT(*) AS tp_count FROM `icebbs_bbs_post` WHERE ( post_board_id='1' ) ORDER BY post_respond_time desc LIMIT 1   [ RunTime:0.0006s ]
SQL: SELECT * FROM `icebbs_bbs_post` WHERE ( post_board_id='2' ) ORDER BY post_respond_time desc LIMIT 3   [ RunTime:0.0008s ]
SQL: SELECT COUNT(*) AS tp_count FROM `icebbs_bbs_post` WHERE ( post_board_id='2' ) ORDER BY post_respond_time desc LIMIT 1   [ RunTime:0.0009s ]
SQL: SELECT * FROM `icebbs_bbs_post` WHERE ( post_board_id='3' ) ORDER BY post_respond_time desc LIMIT 3   [ RunTime:0.0011s ]
SQL: SELECT COUNT(*) AS tp_count FROM `icebbs_bbs_post` WHERE ( post_board_id='3' ) ORDER BY post_respond_time desc LIMIT 1   [ RunTime:0.0005s ]
SQL: SELECT * FROM `icebbs_bbs_post` WHERE ( post_board_id='4' ) ORDER BY post_respond_time desc LIMIT 3   [ RunTime:0.0009s ]
SQL: SELECT COUNT(*) AS tp_count FROM `icebbs_bbs_post` WHERE ( post_board_id='4' ) ORDER BY post_respond_time desc LIMIT 1   [ RunTime:0.0008s ]
SQL: SELECT * FROM `icebbs_bbs_post` WHERE ( post_board_id='5' ) ORDER BY post_respond_time desc LIMIT 3   [ RunTime:0.0007s ]
SQL: SELECT COUNT(*) AS tp_count FROM `icebbs_bbs_post` WHERE ( post_board_id='5' ) ORDER BY post_respond_time desc LIMIT 1   [ RunTime:0.0006s ]
SQL: SELECT * FROM `icebbs_bbs_post` WHERE ( post_board_id='6' ) ORDER BY post_respond_time desc LIMIT 3   [ RunTime:0.0008s ]
SQL: SELECT COUNT(*) AS tp_count FROM `icebbs_bbs_post` WHERE ( post_board_id='6' ) ORDER BY post_respond_time desc LIMIT 1   [ RunTime:0.0011s ]
SQL: SELECT * FROM `icebbs_bbs_post` WHERE ( post_board_id='8' ) ORDER BY post_respond_time desc LIMIT 3   [ RunTime:0.0008s ]
SQL: SELECT COUNT(*) AS tp_count FROM `icebbs_bbs_post` WHERE ( post_board_id='8' ) ORDER BY post_respond_time desc LIMIT 1   [ RunTime:0.0008s ]
SQL: SELECT COUNT(*) AS tp_count FROM `icebbs_bbs_post` LIMIT 1   [ RunTime:0.0005s ]
SQL: SELECT * FROM `icebbs_bbs_post` ORDER BY post_respond_time desc LIMIT 0,5   [ RunTime:0.0007s ]
SQL: SHOW COLUMNS FROM `icebbs_article` [ RunTime:0.0010s ]
SQL: SELECT COUNT(*) AS tp_count FROM `icebbs_article` WHERE ( article_status!=3 ) LIMIT 1   [ RunTime:0.0006s ]
SQL: SELECT * FROM `icebbs_article` WHERE ( article_status!=3 ) ORDER BY article_respond_time desc LIMIT 0,5   [ RunTime:0.0020s ]
SQL: SHOW COLUMNS FROM `icebbs_message` [ RunTime:0.0012s ]
SQL: SELECT COUNT(*) AS tp_count FROM `icebbs_message` WHERE ( message_to_id='' and message_if_read=0 ) LIMIT 1   [ RunTime:0.0006s ]
SQL: SHOW COLUMNS FROM `icebbs_atmessage` [ RunTime:0.0009s ]
SQL: SELECT COUNT(*) AS tp_count FROM `icebbs_atmessage` WHERE ( atmessage_to_user_id='' and atmessage_if_read=0 ) LIMIT 1   [ RunTime:0.0005s ]
INFO: [ view_parse ] --START--
INFO: [ template_filter ] --START--
INFO: Run Behavior\ContentReplaceBehavior [ RunTime:0.000221s ]
INFO: [ template_filter ] --END-- [ RunTime:0.000297s ]
SQL: SHOW COLUMNS FROM `icebbs_user` [ RunTime:0.0018s ]
SQL: SELECT `user_img` FROM `icebbs_user` WHERE ( user_id='1' ) LIMIT 1   [ RunTime:0.0006s ]
SQL: SELECT `user_img` FROM `icebbs_user` WHERE ( user_id='1' ) LIMIT 1   [ RunTime:0.0007s ]
SQL: SELECT `user_img` FROM `icebbs_user` WHERE ( user_id='1' ) LIMIT 1   [ RunTime:0.0007s ]
SQL: SELECT `user_img` FROM `icebbs_user` WHERE ( user_id='1' ) LIMIT 1   [ RunTime:0.0005s ]
SQL: SELECT `user_img` FROM `icebbs_user` WHERE ( user_id='1' ) LIMIT 1   [ RunTime:0.0013s ]
NOTIC: [8] Undefined variable: page /www/users/HA361027/WEB/Home/Runtime/Cache/Home/4df4e807ed7b0acb80ed1668d8e82f95.php 第 231 行.
INFO: Run Behavior\ParseTemplateBehavior [ RunTime:0.076899s ]
INFO: [ view_parse ] --END-- [ RunTime:0.076966s ]
INFO: [ view_filter ] --START--
INFO: Run Behavior\WriteHtmlCacheBehavior [ RunTime:0.001023s ]
INFO: [ view_filter ] --END-- [ RunTime:0.001083s ]
INFO: [ app_end ] --START--
INFO: Run Behavior\ShowPageTraceBehavior [ RunTime:0.002131s ]
INFO: [ app_end ] --END-- [ RunTime:0.002196s ]

[ 2017-05-31T02:12:35+08:00 ] 123.125.71.77 http://yxom.1g7.net/index.php
INFO: [ app_init ] --START--
INFO: Run Behavior\BuildLiteBehavior [ RunTime:0.000027s ]
INFO: [ app_init ] --END-- [ RunTime:0.000945s ]
INFO: [ app_begin ] --START--
INFO: Run Behavior\ReadHtmlCacheBehavior [ RunTime:0.001253s ]
INFO: [ app_begin ] --END-- [ RunTime:0.001320s ]
SQL: SHOW COLUMNS FROM `icebbs_website` [ RunTime:0.0012s ]
SQL: SELECT * FROM `icebbs_website` WHERE ( status_id=1 )  [ RunTime:0.0008s ]
SQL: SHOW COLUMNS FROM `icebbs_bbs_board` [ RunTime:0.0012s ]
SQL: SELECT COUNT(*) AS tp_count FROM `icebbs_bbs_board` LIMIT 1   [ RunTime:0.0004s ]
SQL: SELECT * FROM `icebbs_bbs_board`  [ RunTime:0.0007s ]
SQL: SHOW COLUMNS FROM `icebbs_bbs_post` [ RunTime:0.0009s ]
SQL: SELECT * FROM `icebbs_bbs_post` WHERE ( post_board_id='1' ) ORDER BY post_respond_time desc LIMIT 3   [ RunTime:0.0008s ]
SQL: SELECT COUNT(*) AS tp_count FROM `icebbs_bbs_post` WHERE ( post_board_id='1' ) ORDER BY post_respond_time desc LIMIT 1   [ RunTime:0.0005s ]
SQL: SELECT * FROM `icebbs_bbs_post` WHERE ( post_board_id='2' ) ORDER BY post_respond_time desc LIMIT 3   [ RunTime:0.0009s ]
SQL: SELECT COUNT(*) AS tp_count FROM `icebbs_bbs_post` WHERE ( post_board_id='2' ) ORDER BY post_respond_time desc LIMIT 1   [ RunTime:0.0010s ]
SQL: SELECT * FROM `icebbs_bbs_post` WHERE ( post_board_id='3' ) ORDER BY post_respond_time desc LIMIT 3   [ RunTime:0.0006s ]
SQL: SELECT COUNT(*) AS tp_count FROM `icebbs_bbs_post` WHERE ( post_board_id='3' ) ORDER BY post_respond_time desc LIMIT 1   [ RunTime:0.0007s ]
SQL: SELECT * FROM `icebbs_bbs_post` WHERE ( post_board_id='4' ) ORDER BY post_respond_time desc LIMIT 3   [ RunTime:0.0009s ]
SQL: SELECT COUNT(*) AS tp_count FROM `icebbs_bbs_post` WHERE ( post_board_id='4' ) ORDER BY post_respond_time desc LIMIT 1   [ RunTime:0.0011s ]
SQL: SELECT * FROM `icebbs_bbs_post` WHERE ( post_board_id='5' ) ORDER BY post_respond_time desc LIMIT 3   [ RunTime:0.0006s ]
SQL: SELECT COUNT(*) AS tp_count FROM `icebbs_bbs_post` WHERE ( post_board_id='5' ) ORDER BY post_respond_time desc LIMIT 1   [ RunTime:0.0009s ]
SQL: SELECT * FROM `icebbs_bbs_post` WHERE ( post_board_id='6' ) ORDER BY post_respond_time desc LIMIT 3   [ RunTime:0.0009s ]
SQL: SELECT COUNT(*) AS tp_count FROM `icebbs_bbs_post` WHERE ( post_board_id='6' ) ORDER BY post_respond_time desc LIMIT 1   [ RunTime:0.0005s ]
SQL: SELECT * FROM `icebbs_bbs_post` WHERE ( post_board_id='8' ) ORDER BY post_respond_time desc LIMIT 3   [ RunTime:0.0007s ]
SQL: SELECT COUNT(*) AS tp_count FROM `icebbs_bbs_post` WHERE ( post_board_id='8' ) ORDER BY post_respond_time desc LIMIT 1   [ RunTime:0.0006s ]
SQL: SELECT COUNT(*) AS tp_count FROM `icebbs_bbs_post` LIMIT 1   [ RunTime:0.0045s ]
SQL: SELECT * FROM `icebbs_bbs_post` ORDER BY post_respond_time desc LIMIT 0,5   [ RunTime:0.0007s ]
SQL: SHOW COLUMNS FROM `icebbs_article` [ RunTime:0.0011s ]
SQL: SELECT COUNT(*) AS tp_count FROM `icebbs_article` WHERE ( article_status!=3 ) LIMIT 1   [ RunTime:0.0020s ]
SQL: SELECT * FROM `icebbs_article` WHERE ( article_status!=3 ) ORDER BY article_respond_time desc LIMIT 0,5   [ RunTime:0.0024s ]
SQL: SHOW COLUMNS FROM `icebbs_message` [ RunTime:0.0009s ]
SQL: SELECT COUNT(*) AS tp_count FROM `icebbs_message` WHERE ( message_to_id='' and message_if_read=0 ) LIMIT 1   [ RunTime:0.0004s ]
SQL: SHOW COLUMNS FROM `icebbs_atmessage` [ RunTime:0.0013s ]
SQL: SELECT COUNT(*) AS tp_count FROM `icebbs_atmessage` WHERE ( atmessage_to_user_id='' and atmessage_if_read=0 ) LIMIT 1   [ RunTime:0.0008s ]
INFO: [ view_parse ] --START--
INFO: [ template_filter ] --START--
INFO: Run Behavior\ContentReplaceBehavior [ RunTime:0.000225s ]
INFO: [ template_filter ] --END-- [ RunTime:0.000290s ]
SQL: SHOW COLUMNS FROM `icebbs_user` [ RunTime:0.0011s ]
SQL: SELECT `user_img` FROM `icebbs_user` WHERE ( user_id='1' ) LIMIT 1   [ RunTime:0.0005s ]
SQL: SELECT `user_img` FROM `icebbs_user` WHERE ( user_id='1' ) LIMIT 1   [ RunTime:0.0010s ]
SQL: SELECT `user_img` FROM `icebbs_user` WHERE ( user_id='1' ) LIMIT 1   [ RunTime:0.0014s ]
SQL: SELECT `user_img` FROM `icebbs_user` WHERE ( user_id='1' ) LIMIT 1   [ RunTime:0.0035s ]
SQL: SELECT `user_img` FROM `icebbs_user` WHERE ( user_id='1' ) LIMIT 1   [ RunTime:0.0009s ]
NOTIC: [8] Undefined variable: page /www/users/HA361027/WEB/Home/Runtime/Cache/Home/4df4e807ed7b0acb80ed1668d8e82f95.php 第 231 行.
INFO: Run Behavior\ParseTemplateBehavior [ RunTime:0.035068s ]
INFO: [ view_parse ] --END-- [ RunTime:0.035185s ]
INFO: [ view_filter ] --START--
INFO: Run Behavior\WriteHtmlCacheBehavior [ RunTime:0.000502s ]
INFO: [ view_filter ] --END-- [ RunTime:0.000561s ]
INFO: [ app_end ] --START--
INFO: Run Behavior\ShowPageTraceBehavior [ RunTime:0.001407s ]
INFO: [ app_end ] --END-- [ RunTime:0.001480s ]

[ 2017-05-31T08:51:56+08:00 ] 203.208.60.250 /
INFO: [ app_init ] --START--
INFO: Run Behavior\BuildLiteBehavior [ RunTime:0.000026s ]
INFO: [ app_init ] --END-- [ RunTime:0.000879s ]
INFO: [ app_begin ] --START--
INFO: Run Behavior\ReadHtmlCacheBehavior [ RunTime:0.001208s ]
INFO: [ app_begin ] --END-- [ RunTime:0.001274s ]
SQL: SHOW COLUMNS FROM `icebbs_website` [ RunTime:0.0015s ]
SQL: SELECT * FROM `icebbs_website` WHERE ( status_id=1 )  [ RunTime:0.0013s ]
NOTIC: [8] Undefined index: think_template /www/users/HA361027/WEB/Home/Home/Controller/IndexController.class.php 第 45 行.
SQL: SHOW COLUMNS FROM `icebbs_bbs_board` [ RunTime:0.0013s ]
SQL: SELECT COUNT(*) AS tp_count FROM `icebbs_bbs_board` LIMIT 1   [ RunTime:0.0004s ]
SQL: SELECT * FROM `icebbs_bbs_board`  [ RunTime:0.0004s ]
SQL: SHOW COLUMNS FROM `icebbs_bbs_post` [ RunTime:0.0018s ]
SQL: SELECT * FROM `icebbs_bbs_post` WHERE ( post_board_id='1' ) ORDER BY post_respond_time desc LIMIT 3   [ RunTime:0.0007s ]
SQL: SELECT COUNT(*) AS tp_count FROM `icebbs_bbs_post` WHERE ( post_board_id='1' ) ORDER BY post_respond_time desc LIMIT 1   [ RunTime:0.0005s ]
SQL: SELECT * FROM `icebbs_bbs_post` WHERE ( post_board_id='2' ) ORDER BY post_respond_time desc LIMIT 3   [ RunTime:0.0009s ]
SQL: SELECT COUNT(*) AS tp_count FROM `icebbs_bbs_post` WHERE ( post_board_id='2' ) ORDER BY post_respond_time desc LIMIT 1   [ RunTime:0.0005s ]
SQL: SELECT * FROM `icebbs_bbs_post` WHERE ( post_board_id='3' ) ORDER BY post_respond_time desc LIMIT 3   [ RunTime:0.0008s ]
SQL: SELECT COUNT(*) AS tp_count FROM `icebbs_bbs_post` WHERE ( post_board_id='3' ) ORDER BY post_respond_time desc LIMIT 1   [ RunTime:0.0005s ]
SQL: SELECT * FROM `icebbs_bbs_post` WHERE ( post_board_id='4' ) ORDER BY post_respond_time desc LIMIT 3   [ RunTime:0.0009s ]
SQL: SELECT COUNT(*) AS tp_count FROM `icebbs_bbs_post` WHERE ( post_board_id='4' ) ORDER BY post_respond_time desc LIMIT 1   [ RunTime:0.0006s ]
SQL: SELECT * FROM `icebbs_bbs_post` WHERE ( post_board_id='5' ) ORDER BY post_respond_time desc LIMIT 3   [ RunTime:0.0007s ]
SQL: SELECT COUNT(*) AS tp_count FROM `icebbs_bbs_post` WHERE ( post_board_id='5' ) ORDER BY post_respond_time desc LIMIT 1   [ RunTime:0.0004s ]
SQL: SELECT * FROM `icebbs_bbs_post` WHERE ( post_board_id='6' ) ORDER BY post_respond_time desc LIMIT 3   [ RunTime:0.0010s ]
SQL: SELECT COUNT(*) AS tp_count FROM `icebbs_bbs_post` WHERE ( post_board_id='6' ) ORDER BY post_respond_time desc LIMIT 1   [ RunTime:0.0006s ]
SQL: SELECT * FROM `icebbs_bbs_post` WHERE ( post_board_id='8' ) ORDER BY post_respond_time desc LIMIT 3   [ RunTime:0.0007s ]
SQL: SELECT COUNT(*) AS tp_count FROM `icebbs_bbs_post` WHERE ( post_board_id='8' ) ORDER BY post_respond_time desc LIMIT 1   [ RunTime:0.0005s ]
SQL: SELECT COUNT(*) AS tp_count FROM `icebbs_bbs_post` LIMIT 1   [ RunTime:0.0008s ]
SQL: SELECT * FROM `icebbs_bbs_post` ORDER BY post_respond_time desc LIMIT 0,5   [ RunTime:0.0007s ]
SQL: SHOW COLUMNS FROM `icebbs_article` [ RunTime:0.0010s ]
SQL: SELECT COUNT(*) AS tp_count FROM `icebbs_article` WHERE ( article_status!=3 ) LIMIT 1   [ RunTime:0.0011s ]
SQL: SELECT * FROM `icebbs_article` WHERE ( article_status!=3 ) ORDER BY article_respond_time desc LIMIT 0,5   [ RunTime:0.0021s ]
SQL: SHOW COLUMNS FROM `icebbs_message` [ RunTime:0.0009s ]
SQL: SELECT COUNT(*) AS tp_count FROM `icebbs_message` WHERE ( message_to_id='' and message_if_read=0 ) LIMIT 1   [ RunTime:0.0009s ]
SQL: SHOW COLUMNS FROM `icebbs_atmessage` [ RunTime:0.0010s ]
SQL: SELECT COUNT(*) AS tp_count FROM `icebbs_atmessage` WHERE ( atmessage_to_user_id='' and atmessage_if_read=0 ) LIMIT 1   [ RunTime:0.0006s ]
INFO: [ view_parse ] --START--
INFO: [ template_filter ] --START--
INFO: Run Behavior\ContentReplaceBehavior [ RunTime:0.000219s ]
INFO: [ template_filter ] --END-- [ RunTime:0.000285s ]
SQL: SHOW COLUMNS FROM `icebbs_user` [ RunTime:0.0013s ]
SQL: SELECT `user_img` FROM `icebbs_user` WHERE ( user_id='1' ) LIMIT 1   [ RunTime:0.0005s ]
SQL: SELECT `user_img` FROM `icebbs_user` WHERE ( user_id='1' ) LIMIT 1   [ RunTime:0.0005s ]
SQL: SELECT `user_img` FROM `icebbs_user` WHERE ( user_id='1' ) LIMIT 1   [ RunTime:0.0005s ]
SQL: SELECT `user_img` FROM `icebbs_user` WHERE ( user_id='1' ) LIMIT 1   [ RunTime:0.0007s ]
SQL: SELECT `user_img` FROM `icebbs_user` WHERE ( user_id='1' ) LIMIT 1   [ RunTime:0.0005s ]
NOTIC: [8] Undefined variable: page /www/users/HA361027/WEB/Home/Runtime/Cache/Home/4df4e807ed7b0acb80ed1668d8e82f95.php 第 231 行.
INFO: Run Behavior\ParseTemplateBehavior [ RunTime:0.030459s ]
INFO: [ view_parse ] --END-- [ RunTime:0.030523s ]
INFO: [ view_filter ] --START--
INFO: Run Behavior\WriteHtmlCacheBehavior [ RunTime:0.000475s ]
INFO: [ view_filter ] --END-- [ RunTime:0.000534s ]
INFO: [ app_end ] --START--
INFO: Run Behavior\ShowPageTraceBehavior [ RunTime:0.001335s ]
INFO: [ app_end ] --END-- [ RunTime:0.001402s ]

[ 2017-05-31T08:51:57+08:00 ] 203.208.60.250 /index.php
INFO: [ app_init ] --START--
INFO: Run Behavior\BuildLiteBehavior [ RunTime:0.000027s ]
INFO: [ app_init ] --END-- [ RunTime:0.000899s ]
INFO: [ app_begin ] --START--
INFO: Run Behavior\ReadHtmlCacheBehavior [ RunTime:0.001223s ]
INFO: [ app_begin ] --END-- [ RunTime:0.001290s ]
SQL: SHOW COLUMNS FROM `icebbs_website` [ RunTime:0.0010s ]
SQL: SELECT * FROM `icebbs_website` WHERE ( status_id=1 )  [ RunTime:0.0007s ]
SQL: SHOW COLUMNS FROM `icebbs_bbs_board` [ RunTime:0.0008s ]
SQL: SELECT COUNT(*) AS tp_count FROM `icebbs_bbs_board` LIMIT 1   [ RunTime:0.0006s ]
SQL: SELECT * FROM `icebbs_bbs_board`  [ RunTime:0.0005s ]
SQL: SHOW COLUMNS FROM `icebbs_bbs_post` [ RunTime:0.0009s ]
SQL: SELECT * FROM `icebbs_bbs_post` WHERE ( post_board_id='1' ) ORDER BY post_respond_time desc LIMIT 3   [ RunTime:0.0011s ]
SQL: SELECT COUNT(*) AS tp_count FROM `icebbs_bbs_post` WHERE ( post_board_id='1' ) ORDER BY post_respond_time desc LIMIT 1   [ RunTime:0.0004s ]
SQL: SELECT * FROM `icebbs_bbs_post` WHERE ( post_board_id='2' ) ORDER BY post_respond_time desc LIMIT 3   [ RunTime:0.0006s ]
SQL: SELECT COUNT(*) AS tp_count FROM `icebbs_bbs_post` WHERE ( post_board_id='2' ) ORDER BY post_respond_time desc LIMIT 1   [ RunTime:0.0005s ]
SQL: SELECT * FROM `icebbs_bbs_post` WHERE ( post_board_id='3' ) ORDER BY post_respond_time desc LIMIT 3   [ RunTime:0.0006s ]
SQL: SELECT COUNT(*) AS tp_count FROM `icebbs_bbs_post` WHERE ( post_board_id='3' ) ORDER BY post_respond_time desc LIMIT 1   [ RunTime:0.0005s ]
SQL: SELECT * FROM `icebbs_bbs_post` WHERE ( post_board_id='4' ) ORDER BY post_respond_time desc LIMIT 3   [ RunTime:0.0007s ]
SQL: SELECT COUNT(*) AS tp_count FROM `icebbs_bbs_post` WHERE ( post_board_id='4' ) ORDER BY post_respond_time desc LIMIT 1   [ RunTime:0.0010s ]
SQL: SELECT * FROM `icebbs_bbs_post` WHERE ( post_board_id='5' ) ORDER BY post_respond_time desc LIMIT 3   [ RunTime:0.0006s ]
SQL: SELECT COUNT(*) AS tp_count FROM `icebbs_bbs_post` WHERE ( post_board_id='5' ) ORDER BY post_respond_time desc LIMIT 1   [ RunTime:0.0006s ]
SQL: SELECT * FROM `icebbs_bbs_post` WHERE ( post_board_id='6' ) ORDER BY post_respond_time desc LIMIT 3   [ RunTime:0.0008s ]
SQL: SELECT COUNT(*) AS tp_count FROM `icebbs_bbs_post` WHERE ( post_board_id='6' ) ORDER BY post_respond_time desc LIMIT 1   [ RunTime:0.0007s ]
SQL: SELECT * FROM `icebbs_bbs_post` WHERE ( post_board_id='8' ) ORDER BY post_respond_time desc LIMIT 3   [ RunTime:0.0007s ]
SQL: SELECT COUNT(*) AS tp_count FROM `icebbs_bbs_post` WHERE ( post_board_id='8' ) ORDER BY post_respond_time desc LIMIT 1   [ RunTime:0.0005s ]
SQL: SELECT COUNT(*) AS tp_count FROM `icebbs_bbs_post` LIMIT 1   [ RunTime:0.0004s ]
SQL: SELECT * FROM `icebbs_bbs_post` ORDER BY post_respond_time desc LIMIT 0,5   [ RunTime:0.0009s ]
SQL: SHOW COLUMNS FROM `icebbs_article` [ RunTime:0.0010s ]
SQL: SELECT COUNT(*) AS tp_count FROM `icebbs_article` WHERE ( article_status!=3 ) LIMIT 1   [ RunTime:0.0009s ]
SQL: SELECT * FROM `icebbs_article` WHERE ( article_status!=3 ) ORDER BY article_respond_time desc LIMIT 0,5   [ RunTime:0.0020s ]
SQL: SHOW COLUMNS FROM `icebbs_message` [ RunTime:0.0010s ]
SQL: SELECT COUNT(*) AS tp_count FROM `icebbs_message` WHERE ( message_to_id='' and message_if_read=0 ) LIMIT 1   [ RunTime:0.0004s ]
SQL: SHOW COLUMNS FROM `icebbs_atmessage` [ RunTime:0.0008s ]
SQL: SELECT COUNT(*) AS tp_count FROM `icebbs_atmessage` WHERE ( atmessage_to_user_id='' and atmessage_if_read=0 ) LIMIT 1   [ RunTime:0.0005s ]
INFO: [ view_parse ] --START--
INFO: [ template_filter ] --START--
INFO: Run Behavior\ContentReplaceBehavior [ RunTime:0.000246s ]
INFO: [ template_filter ] --END-- [ RunTime:0.000332s ]
SQL: SHOW COLUMNS FROM `icebbs_user` [ RunTime:0.0011s ]
SQL: SELECT `user_img` FROM `icebbs_user` WHERE ( user_id='1' ) LIMIT 1   [ RunTime:0.0004s ]
SQL: SELECT `user_img` FROM `icebbs_user` WHERE ( user_id='1' ) LIMIT 1   [ RunTime:0.0006s ]
SQL: SELECT `user_img` FROM `icebbs_user` WHERE ( user_id='1' ) LIMIT 1   [ RunTime:0.0006s ]
SQL: SELECT `user_img` FROM `icebbs_user` WHERE ( user_id='1' ) LIMIT 1   [ RunTime:0.0005s ]
SQL: SELECT `user_img` FROM `icebbs_user` WHERE ( user_id='1' ) LIMIT 1   [ RunTime:0.0006s ]
NOTIC: [8] Undefined variable: page /www/users/HA361027/WEB/Home/Runtime/Cache/Home/4df4e807ed7b0acb80ed1668d8e82f95.php 第 231 行.
INFO: Run Behavior\ParseTemplateBehavior [ RunTime:0.032953s ]
INFO: [ view_parse ] --END-- [ RunTime:0.033034s ]
INFO: [ view_filter ] --START--
INFO: Run Behavior\WriteHtmlCacheBehavior [ RunTime:0.000725s ]
INFO: [ view_filter ] --END-- [ RunTime:0.000811s ]
INFO: [ app_end ] --START--
INFO: Run Behavior\ShowPageTraceBehavior [ RunTime:0.001659s ]
INFO: [ app_end ] --END-- [ RunTime:0.001734s ]

[ 2017-05-31T09:44:44+08:00 ] 111.206.36.16 /index.php/Home/Bbs/add
INFO: [ app_init ] --START--
INFO: Run Behavior\BuildLiteBehavior [ RunTime:0.000026s ]
INFO: [ app_init ] --END-- [ RunTime:0.000898s ]
INFO: [ app_begin ] --START--
INFO: Run Behavior\ReadHtmlCacheBehavior [ RunTime:0.001431s ]
INFO: [ app_begin ] --END-- [ RunTime:0.001499s ]
SQL: SHOW COLUMNS FROM `icebbs_website` [ RunTime:0.0014s ]
SQL: SELECT * FROM `icebbs_website` WHERE ( status_id=1 )  [ RunTime:0.0010s ]
SQL: SELECT * FROM `icebbs_website` WHERE ( status_id=1 )  [ RunTime:0.0007s ]
INFO: [ view_parse ] --START--
INFO: [ template_filter ] --START--
INFO: Run Behavior\ContentReplaceBehavior [ RunTime:0.000052s ]
INFO: [ template_filter ] --END-- [ RunTime:0.000117s ]
INFO: Run Behavior\ParseTemplateBehavior [ RunTime:0.015990s ]
INFO: [ view_parse ] --END-- [ RunTime:0.016055s ]
INFO: [ view_filter ] --START--
INFO: Run Behavior\WriteHtmlCacheBehavior [ RunTime:0.000489s ]
INFO: [ view_filter ] --END-- [ RunTime:0.000548s ]

[ 2017-05-31T09:44:46+08:00 ] 111.206.36.16 /index.php/Home/Login/index.html
INFO: [ app_init ] --START--
INFO: Run Behavior\BuildLiteBehavior [ RunTime:0.000025s ]
INFO: [ app_init ] --END-- [ RunTime:0.000878s ]
INFO: [ app_begin ] --START--
INFO: Run Behavior\ReadHtmlCacheBehavior [ RunTime:0.001293s ]
INFO: [ app_begin ] --END-- [ RunTime:0.001361s ]
SQL: SHOW COLUMNS FROM `icebbs_website` [ RunTime:0.0015s ]
SQL: SELECT * FROM `icebbs_website` WHERE ( status_id=1 )  [ RunTime:0.0011s ]
INFO: [ view_parse ] --START--
INFO: [ template_filter ] --START--
INFO: Run Behavior\ContentReplaceBehavior [ RunTime:0.000098s ]
INFO: [ template_filter ] --END-- [ RunTime:0.000752s ]
INFO: Run Behavior\ParseTemplateBehavior [ RunTime:0.024878s ]
INFO: [ view_parse ] --END-- [ RunTime:0.024985s ]
INFO: [ view_filter ] --START--
INFO: Run Behavior\WriteHtmlCacheBehavior [ RunTime:0.000480s ]
INFO: [ view_filter ] --END-- [ RunTime:0.000543s ]
INFO: [ app_end ] --START--
INFO: Run Behavior\ShowPageTraceBehavior [ RunTime:0.001379s ]
INFO: [ app_end ] --END-- [ RunTime:0.001451s ]

[ 2017-05-31T11:29:37+08:00 ] 123.125.71.78 /
INFO: [ app_init ] --START--
INFO: Run Behavior\BuildLiteBehavior [ RunTime:0.000026s ]
INFO: [ app_init ] --END-- [ RunTime:0.000886s ]
INFO: [ app_begin ] --START--
INFO: Run Behavior\ReadHtmlCacheBehavior [ RunTime:0.001270s ]
INFO: [ app_begin ] --END-- [ RunTime:0.001338s ]
SQL: SHOW COLUMNS FROM `icebbs_website` [ RunTime:0.0025s ]
SQL: SELECT * FROM `icebbs_website` WHERE ( status_id=1 )  [ RunTime:0.0007s ]
NOTIC: [8] Undefined index: think_template /www/users/HA361027/WEB/Home/Home/Controller/IndexController.class.php 第 45 行.
SQL: SHOW COLUMNS FROM `icebbs_bbs_board` [ RunTime:0.0012s ]
SQL: SELECT COUNT(*) AS tp_count FROM `icebbs_bbs_board` LIMIT 1   [ RunTime:0.0006s ]
SQL: SELECT * FROM `icebbs_bbs_board`  [ RunTime:0.0005s ]
SQL: SHOW COLUMNS FROM `icebbs_bbs_post` [ RunTime:0.0014s ]
SQL: SELECT * FROM `icebbs_bbs_post` WHERE ( post_board_id='1' ) ORDER BY post_respond_time desc LIMIT 3   [ RunTime:0.0007s ]
SQL: SELECT COUNT(*) AS tp_count FROM `icebbs_bbs_post` WHERE ( post_board_id='1' ) ORDER BY post_respond_time desc LIMIT 1   [ RunTime:0.0006s ]
SQL: SELECT * FROM `icebbs_bbs_post` WHERE ( post_board_id='2' ) ORDER BY post_respond_time desc LIMIT 3   [ RunTime:0.0009s ]
SQL: SELECT COUNT(*) AS tp_count FROM `icebbs_bbs_post` WHERE ( post_board_id='2' ) ORDER BY post_respond_time desc LIMIT 1   [ RunTime:0.0005s ]
SQL: SELECT * FROM `icebbs_bbs_post` WHERE ( post_board_id='3' ) ORDER BY post_respond_time desc LIMIT 3   [ RunTime:0.0006s ]
SQL: SELECT COUNT(*) AS tp_count FROM `icebbs_bbs_post` WHERE ( post_board_id='3' ) ORDER BY post_respond_time desc LIMIT 1   [ RunTime:0.0005s ]
SQL: SELECT * FROM `icebbs_bbs_post` WHERE ( post_board_id='4' ) ORDER BY post_respond_time desc LIMIT 3   [ RunTime:0.0006s ]
SQL: SELECT COUNT(*) AS tp_count FROM `icebbs_bbs_post` WHERE ( post_board_id='4' ) ORDER BY post_respond_time desc LIMIT 1   [ RunTime:0.0005s ]
SQL: SELECT * FROM `icebbs_bbs_post` WHERE ( post_board_id='5' ) ORDER BY post_respond_time desc LIMIT 3   [ RunTime:0.0007s ]
SQL: SELECT COUNT(*) AS tp_count FROM `icebbs_bbs_post` WHERE ( post_board_id='5' ) ORDER BY post_respond_time desc LIMIT 1   [ RunTime:0.0005s ]
SQL: SELECT * FROM `icebbs_bbs_post` WHERE ( post_board_id='6' ) ORDER BY post_respond_time desc LIMIT 3   [ RunTime:0.0015s ]
SQL: SELECT COUNT(*) AS tp_count FROM `icebbs_bbs_post` WHERE ( post_board_id='6' ) ORDER BY post_respond_time desc LIMIT 1   [ RunTime:0.0007s ]
SQL: SELECT * FROM `icebbs_bbs_post` WHERE ( post_board_id='8' ) ORDER BY post_respond_time desc LIMIT 3   [ RunTime:0.0006s ]
SQL: SELECT COUNT(*) AS tp_count FROM `icebbs_bbs_post` WHERE ( post_board_id='8' ) ORDER BY post_respond_time desc LIMIT 1   [ RunTime:0.0006s ]
SQL: SELECT COUNT(*) AS tp_count FROM `icebbs_bbs_post` LIMIT 1   [ RunTime:0.0008s ]
SQL: SELECT * FROM `icebbs_bbs_post` ORDER BY post_respond_time desc LIMIT 0,5   [ RunTime:0.0011s ]
SQL: SHOW COLUMNS FROM `icebbs_article` [ RunTime:0.0010s ]
SQL: SELECT COUNT(*) AS tp_count FROM `icebbs_article` WHERE ( article_status!=3 ) LIMIT 1   [ RunTime:0.0005s ]
SQL: SELECT * FROM `icebbs_article` WHERE ( article_status!=3 ) ORDER BY article_respond_time desc LIMIT 0,5   [ RunTime:0.0020s ]
SQL: SHOW COLUMNS FROM `icebbs_message` [ RunTime:0.0013s ]
SQL: SELECT COUNT(*) AS tp_count FROM `icebbs_message` WHERE ( message_to_id='' and message_if_read=0 ) LIMIT 1   [ RunTime:0.0009s ]
SQL: SHOW COLUMNS FROM `icebbs_atmessage` [ RunTime:0.0011s ]
SQL: SELECT COUNT(*) AS tp_count FROM `icebbs_atmessage` WHERE ( atmessage_to_user_id='' and atmessage_if_read=0 ) LIMIT 1   [ RunTime:0.0008s ]
INFO: [ view_parse ] --START--
INFO: [ template_filter ] --START--
INFO: Run Behavior\ContentReplaceBehavior [ RunTime:0.000218s ]
INFO: [ template_filter ] --END-- [ RunTime:0.000295s ]
SQL: SHOW COLUMNS FROM `icebbs_user` [ RunTime:0.0016s ]
SQL: SELECT `user_img` FROM `icebbs_user` WHERE ( user_id='1' ) LIMIT 1   [ RunTime:0.0007s ]
SQL: SELECT `user_img` FROM `icebbs_user` WHERE ( user_id='1' ) LIMIT 1   [ RunTime:0.0005s ]
SQL: SELECT `user_img` FROM `icebbs_user` WHERE ( user_id='1' ) LIMIT 1   [ RunTime:0.0006s ]
SQL: SELECT `user_img` FROM `icebbs_user` WHERE ( user_id='1' ) LIMIT 1   [ RunTime:0.0008s ]
SQL: SELECT `user_img` FROM `icebbs_user` WHERE ( user_id='1' ) LIMIT 1   [ RunTime:0.0005s ]
NOTIC: [8] Undefined variable: page /www/users/HA361027/WEB/Home/Runtime/Cache/Home/4df4e807ed7b0acb80ed1668d8e82f95.php 第 231 行.
INFO: Run Behavior\ParseTemplateBehavior [ RunTime:0.031419s ]
INFO: [ view_parse ] --END-- [ RunTime:0.031490s ]
INFO: [ view_filter ] --START--
INFO: Run Behavior\WriteHtmlCacheBehavior [ RunTime:0.000548s ]
INFO: [ view_filter ] --END-- [ RunTime:0.000607s ]
INFO: [ app_end ] --START--
INFO: Run Behavior\ShowPageTraceBehavior [ RunTime:0.001395s ]
INFO: [ app_end ] --END-- [ RunTime:0.001460s ]

[ 2017-05-31T11:29:38+08:00 ] 123.125.71.83 /index.php
INFO: [ app_init ] --START--
INFO: Run Behavior\BuildLiteBehavior [ RunTime:0.000027s ]
INFO: [ app_init ] --END-- [ RunTime:0.000905s ]
INFO: [ app_begin ] --START--
INFO: Run Behavior\ReadHtmlCacheBehavior [ RunTime:0.001233s ]
INFO: [ app_begin ] --END-- [ RunTime:0.001302s ]
SQL: SHOW COLUMNS FROM `icebbs_website` [ RunTime:0.0014s ]
SQL: SELECT * FROM `icebbs_website` WHERE ( status_id=1 )  [ RunTime:0.0008s ]
SQL: SHOW COLUMNS FROM `icebbs_bbs_board` [ RunTime:0.0009s ]
SQL: SELECT COUNT(*) AS tp_count FROM `icebbs_bbs_board` LIMIT 1   [ RunTime:0.0011s ]
SQL: SELECT * FROM `icebbs_bbs_board`  [ RunTime:0.0005s ]
SQL: SHOW COLUMNS FROM `icebbs_bbs_post` [ RunTime:0.0011s ]
SQL: SELECT * FROM `icebbs_bbs_post` WHERE ( post_board_id='1' ) ORDER BY post_respond_time desc LIMIT 3   [ RunTime:0.0007s ]
SQL: SELECT COUNT(*) AS tp_count FROM `icebbs_bbs_post` WHERE ( post_board_id='1' ) ORDER BY post_respond_time desc LIMIT 1   [ RunTime:0.0010s ]
SQL: SELECT * FROM `icebbs_bbs_post` WHERE ( post_board_id='2' ) ORDER BY post_respond_time desc LIMIT 3   [ RunTime:0.0005s ]
SQL: SELECT COUNT(*) AS tp_count FROM `icebbs_bbs_post` WHERE ( post_board_id='2' ) ORDER BY post_respond_time desc LIMIT 1   [ RunTime:0.0008s ]
SQL: SELECT * FROM `icebbs_bbs_post` WHERE ( post_board_id='3' ) ORDER BY post_respond_time desc LIMIT 3   [ RunTime:0.0006s ]
SQL: SELECT COUNT(*) AS tp_count FROM `icebbs_bbs_post` WHERE ( post_board_id='3' ) ORDER BY post_respond_time desc LIMIT 1   [ RunTime:0.0008s ]
SQL: SELECT * FROM `icebbs_bbs_post` WHERE ( post_board_id='4' ) ORDER BY post_respond_time desc LIMIT 3   [ RunTime:0.0007s ]
SQL: SELECT COUNT(*) AS tp_count FROM `icebbs_bbs_post` WHERE ( post_board_id='4' ) ORDER BY post_respond_time desc LIMIT 1   [ RunTime:0.0005s ]
SQL: SELECT * FROM `icebbs_bbs_post` WHERE ( post_board_id='5' ) ORDER BY post_respond_time desc LIMIT 3   [ RunTime:0.0006s ]
SQL: SELECT COUNT(*) AS tp_count FROM `icebbs_bbs_post` WHERE ( post_board_id='5' ) ORDER BY post_respond_time desc LIMIT 1   [ RunTime:0.0006s ]
SQL: SELECT * FROM `icebbs_bbs_post` WHERE ( post_board_id='6' ) ORDER BY post_respond_time desc LIMIT 3   [ RunTime:0.0005s ]
SQL: SELECT COUNT(*) AS tp_count FROM `icebbs_bbs_post` WHERE ( post_board_id='6' ) ORDER BY post_respond_time desc LIMIT 1   [ RunTime:0.0008s ]
SQL: SELECT * FROM `icebbs_bbs_post` WHERE ( post_board_id='8' ) ORDER BY post_respond_time desc LIMIT 3   [ RunTime:0.0009s ]
SQL: SELECT COUNT(*) AS tp_count FROM `icebbs_bbs_post` WHERE ( post_board_id='8' ) ORDER BY post_respond_time desc LIMIT 1   [ RunTime:0.0006s ]
SQL: SELECT COUNT(*) AS tp_count FROM `icebbs_bbs_post` LIMIT 1   [ RunTime:0.0006s ]
SQL: SELECT * FROM `icebbs_bbs_post` ORDER BY post_respond_time desc LIMIT 0,5   [ RunTime:0.0008s ]
SQL: SHOW COLUMNS FROM `icebbs_article` [ RunTime:0.0010s ]
SQL: SELECT COUNT(*) AS tp_count FROM `icebbs_article` WHERE ( article_status!=3 ) LIMIT 1   [ RunTime:0.0008s ]
SQL: SELECT * FROM `icebbs_article` WHERE ( article_status!=3 ) ORDER BY article_respond_time desc LIMIT 0,5   [ RunTime:0.0019s ]
SQL: SHOW COLUMNS FROM `icebbs_message` [ RunTime:0.0009s ]
SQL: SELECT COUNT(*) AS tp_count FROM `icebbs_message` WHERE ( message_to_id='' and message_if_read=0 ) LIMIT 1   [ RunTime:0.0009s ]
SQL: SHOW COLUMNS FROM `icebbs_atmessage` [ RunTime:0.0011s ]
SQL: SELECT COUNT(*) AS tp_count FROM `icebbs_atmessage` WHERE ( atmessage_to_user_id='' and atmessage_if_read=0 ) LIMIT 1   [ RunTime:0.0006s ]
INFO: [ view_parse ] --START--
INFO: [ template_filter ] --START--
INFO: Run Behavior\ContentReplaceBehavior [ RunTime:0.000218s ]
INFO: [ template_filter ] --END-- [ RunTime:0.000320s ]
SQL: SHOW COLUMNS FROM `icebbs_user` [ RunTime:0.0015s ]
SQL: SELECT `user_img` FROM `icebbs_user` WHERE ( user_id='1' ) LIMIT 1   [ RunTime:0.0008s ]
SQL: SELECT `user_img` FROM `icebbs_user` WHERE ( user_id='1' ) LIMIT 1   [ RunTime:0.0006s ]
SQL: SELECT `user_img` FROM `icebbs_user` WHERE ( user_id='1' ) LIMIT 1   [ RunTime:0.0005s ]
SQL: SELECT `user_img` FROM `icebbs_user` WHERE ( user_id='1' ) LIMIT 1   [ RunTime:0.0005s ]
SQL: SELECT `user_img` FROM `icebbs_user` WHERE ( user_id='1' ) LIMIT 1   [ RunTime:0.0007s ]
NOTIC: [8] Undefined variable: page /www/users/HA361027/WEB/Home/Runtime/Cache/Home/4df4e807ed7b0acb80ed1668d8e82f95.php 第 231 行.
INFO: Run Behavior\ParseTemplateBehavior [ RunTime:0.031279s ]
INFO: [ view_parse ] --END-- [ RunTime:0.031349s ]
INFO: [ view_filter ] --START--
INFO: Run Behavior\WriteHtmlCacheBehavior [ RunTime:0.000540s ]
INFO: [ view_filter ] --END-- [ RunTime:0.000599s ]
INFO: [ app_end ] --START--
INFO: Run Behavior\ShowPageTraceBehavior [ RunTime:0.001390s ]
INFO: [ app_end ] --END-- [ RunTime:0.001480s ]

[ 2017-05-31T11:34:30+08:00 ] 123.125.71.50 /
INFO: [ app_init ] --START--
INFO: Run Behavior\BuildLiteBehavior [ RunTime:0.000026s ]
INFO: [ app_init ] --END-- [ RunTime:0.000884s ]
INFO: [ app_begin ] --START--
INFO: Run Behavior\ReadHtmlCacheBehavior [ RunTime:0.001213s ]
INFO: [ app_begin ] --END-- [ RunTime:0.001282s ]
SQL: SHOW COLUMNS FROM `icebbs_website` [ RunTime:0.0016s ]
SQL: SELECT * FROM `icebbs_website` WHERE ( status_id=1 )  [ RunTime:0.0009s ]
NOTIC: [8] Undefined index: think_template /www/users/HA361027/WEB/Home/Home/Controller/IndexController.class.php 第 45 行.
SQL: SHOW COLUMNS FROM `icebbs_bbs_board` [ RunTime:0.0012s ]
SQL: SELECT COUNT(*) AS tp_count FROM `icebbs_bbs_board` LIMIT 1   [ RunTime:0.0007s ]
SQL: SELECT * FROM `icebbs_bbs_board`  [ RunTime:0.0005s ]
SQL: SHOW COLUMNS FROM `icebbs_bbs_post` [ RunTime:0.0013s ]
SQL: SELECT * FROM `icebbs_bbs_post` WHERE ( post_board_id='1' ) ORDER BY post_respond_time desc LIMIT 3   [ RunTime:0.0008s ]
SQL: SELECT COUNT(*) AS tp_count FROM `icebbs_bbs_post` WHERE ( post_board_id='1' ) ORDER BY post_respond_time desc LIMIT 1   [ RunTime:0.0005s ]
SQL: SELECT * FROM `icebbs_bbs_post` WHERE ( post_board_id='2' ) ORDER BY post_respond_time desc LIMIT 3   [ RunTime:0.0009s ]
SQL: SELECT COUNT(*) AS tp_count FROM `icebbs_bbs_post` WHERE ( post_board_id='2' ) ORDER BY post_respond_time desc LIMIT 1   [ RunTime:0.0008s ]
SQL: SELECT * FROM `icebbs_bbs_post` WHERE ( post_board_id='3' ) ORDER BY post_respond_time desc LIMIT 3   [ RunTime:0.0009s ]
SQL: SELECT COUNT(*) AS tp_count FROM `icebbs_bbs_post` WHERE ( post_board_id='3' ) ORDER BY post_respond_time desc LIMIT 1   [ RunTime:0.0009s ]
SQL: SELECT * FROM `icebbs_bbs_post` WHERE ( post_board_id='4' ) ORDER BY post_respond_time desc LIMIT 3   [ RunTime:0.0012s ]
SQL: SELECT COUNT(*) AS tp_count FROM `icebbs_bbs_post` WHERE ( post_board_id='4' ) ORDER BY post_respond_time desc LIMIT 1   [ RunTime:0.0005s ]
SQL: SELECT * FROM `icebbs_bbs_post` WHERE ( post_board_id='5' ) ORDER BY post_respond_time desc LIMIT 3   [ RunTime:0.0016s ]
SQL: SELECT COUNT(*) AS tp_count FROM `icebbs_bbs_post` WHERE ( post_board_id='5' ) ORDER BY post_respond_time desc LIMIT 1   [ RunTime:0.0006s ]
SQL: SELECT * FROM `icebbs_bbs_post` WHERE ( post_board_id='6' ) ORDER BY post_respond_time desc LIMIT 3   [ RunTime:0.0006s ]
SQL: SELECT COUNT(*) AS tp_count FROM `icebbs_bbs_post` WHERE ( post_board_id='6' ) ORDER BY post_respond_time desc LIMIT 1   [ RunTime:0.0010s ]
SQL: SELECT * FROM `icebbs_bbs_post` WHERE ( post_board_id='8' ) ORDER BY post_respond_time desc LIMIT 3   [ RunTime:0.0008s ]
SQL: SELECT COUNT(*) AS tp_count FROM `icebbs_bbs_post` WHERE ( post_board_id='8' ) ORDER BY post_respond_time desc LIMIT 1   [ RunTime:0.0008s ]
SQL: SELECT COUNT(*) AS tp_count FROM `icebbs_bbs_post` LIMIT 1   [ RunTime:0.0005s ]
SQL: SELECT * FROM `icebbs_bbs_post` ORDER BY post_respond_time desc LIMIT 0,5   [ RunTime:0.0012s ]
SQL: SHOW COLUMNS FROM `icebbs_article` [ RunTime:0.0032s ]
SQL: SELECT COUNT(*) AS tp_count FROM `icebbs_article` WHERE ( article_status!=3 ) LIMIT 1   [ RunTime:0.0014s ]
SQL: SELECT * FROM `icebbs_article` WHERE ( article_status!=3 ) ORDER BY article_respond_time desc LIMIT 0,5   [ RunTime:0.0042s ]
SQL: SHOW COLUMNS FROM `icebbs_message` [ RunTime:0.0015s ]
SQL: SELECT COUNT(*) AS tp_count FROM `icebbs_message` WHERE ( message_to_id='' and message_if_read=0 ) LIMIT 1   [ RunTime:0.0006s ]
SQL: SHOW COLUMNS FROM `icebbs_atmessage` [ RunTime:0.0012s ]
SQL: SELECT COUNT(*) AS tp_count FROM `icebbs_atmessage` WHERE ( atmessage_to_user_id='' and atmessage_if_read=0 ) LIMIT 1   [ RunTime:0.0010s ]
INFO: [ view_parse ] --START--
INFO: [ template_filter ] --START--
INFO: Run Behavior\ContentReplaceBehavior [ RunTime:0.000252s ]
INFO: [ template_filter ] --END-- [ RunTime:0.000338s ]
SQL: SHOW COLUMNS FROM `icebbs_user` [ RunTime:0.0016s ]
SQL: SELECT `user_img` FROM `icebbs_user` WHERE ( user_id='1' ) LIMIT 1   [ RunTime:0.0005s ]
SQL: SELECT `user_img` FROM `icebbs_user` WHERE ( user_id='1' ) LIMIT 1   [ RunTime:0.0008s ]
SQL: SELECT `user_img` FROM `icebbs_user` WHERE ( user_id='1' ) LIMIT 1   [ RunTime:0.0005s ]
SQL: SELECT `user_img` FROM `icebbs_user` WHERE ( user_id='1' ) LIMIT 1   [ RunTime:0.0012s ]
SQL: SELECT `user_img` FROM `icebbs_user` WHERE ( user_id='1' ) LIMIT 1   [ RunTime:0.0006s ]
NOTIC: [8] Undefined variable: page /www/users/HA361027/WEB/Home/Runtime/Cache/Home/4df4e807ed7b0acb80ed1668d8e82f95.php 第 231 行.
INFO: Run Behavior\ParseTemplateBehavior [ RunTime:0.032434s ]
INFO: [ view_parse ] --END-- [ RunTime:0.032504s ]
INFO: [ view_filter ] --START--
INFO: Run Behavior\WriteHtmlCacheBehavior [ RunTime:0.000520s ]
INFO: [ view_filter ] --END-- [ RunTime:0.000580s ]
INFO: [ app_end ] --START--
INFO: Run Behavior\ShowPageTraceBehavior [ RunTime:0.001411s ]
INFO: [ app_end ] --END-- [ RunTime:0.001478s ]

[ 2017-05-31T11:34:33+08:00 ] 123.125.71.112 /index.php
INFO: [ app_init ] --START--
INFO: Run Behavior\BuildLiteBehavior [ RunTime:0.000036s ]
INFO: [ app_init ] --END-- [ RunTime:0.001331s ]
INFO: [ app_begin ] --START--
INFO: Run Behavior\ReadHtmlCacheBehavior [ RunTime:0.002072s ]
INFO: [ app_begin ] --END-- [ RunTime:0.002201s ]
SQL: SHOW COLUMNS FROM `icebbs_website` [ RunTime:0.0017s ]
SQL: SELECT * FROM `icebbs_website` WHERE ( status_id=1 )  [ RunTime:0.0006s ]
SQL: SHOW COLUMNS FROM `icebbs_bbs_board` [ RunTime:0.0011s ]
SQL: SELECT COUNT(*) AS tp_count FROM `icebbs_bbs_board` LIMIT 1   [ RunTime:0.0014s ]
SQL: SELECT * FROM `icebbs_bbs_board`  [ RunTime:0.0014s ]
SQL: SHOW COLUMNS FROM `icebbs_bbs_post` [ RunTime:0.0020s ]
SQL: SELECT * FROM `icebbs_bbs_post` WHERE ( post_board_id='1' ) ORDER BY post_respond_time desc LIMIT 3   [ RunTime:0.0011s ]
SQL: SELECT COUNT(*) AS tp_count FROM `icebbs_bbs_post` WHERE ( post_board_id='1' ) ORDER BY post_respond_time desc LIMIT 1   [ RunTime:0.0005s ]
SQL: SELECT * FROM `icebbs_bbs_post` WHERE ( post_board_id='2' ) ORDER BY post_respond_time desc LIMIT 3   [ RunTime:0.0007s ]
SQL: SELECT COUNT(*) AS tp_count FROM `icebbs_bbs_post` WHERE ( post_board_id='2' ) ORDER BY post_respond_time desc LIMIT 1   [ RunTime:0.0007s ]
SQL: SELECT * FROM `icebbs_bbs_post` WHERE ( post_board_id='3' ) ORDER BY post_respond_time desc LIMIT 3   [ RunTime:0.0013s ]
SQL: SELECT COUNT(*) AS tp_count FROM `icebbs_bbs_post` WHERE ( post_board_id='3' ) ORDER BY post_respond_time desc LIMIT 1   [ RunTime:0.0021s ]
SQL: SELECT * FROM `icebbs_bbs_post` WHERE ( post_board_id='4' ) ORDER BY post_respond_time desc LIMIT 3   [ RunTime:0.0022s ]
SQL: SELECT COUNT(*) AS tp_count FROM `icebbs_bbs_post` WHERE ( post_board_id='4' ) ORDER BY post_respond_time desc LIMIT 1   [ RunTime:0.0017s ]
SQL: SELECT * FROM `icebbs_bbs_post` WHERE ( post_board_id='5' ) ORDER BY post_respond_time desc LIMIT 3   [ RunTime:0.0015s ]
SQL: SELECT COUNT(*) AS tp_count FROM `icebbs_bbs_post` WHERE ( post_board_id='5' ) ORDER BY post_respond_time desc LIMIT 1   [ RunTime:0.0014s ]
SQL: SELECT * FROM `icebbs_bbs_post` WHERE ( post_board_id='6' ) ORDER BY post_respond_time desc LIMIT 3   [ RunTime:0.0016s ]
SQL: SELECT COUNT(*) AS tp_count FROM `icebbs_bbs_post` WHERE ( post_board_id='6' ) ORDER BY post_respond_time desc LIMIT 1   [ RunTime:0.0012s ]
SQL: SELECT * FROM `icebbs_bbs_post` WHERE ( post_board_id='8' ) ORDER BY post_respond_time desc LIMIT 3   [ RunTime:0.0009s ]
SQL: SELECT COUNT(*) AS tp_count FROM `icebbs_bbs_post` WHERE ( post_board_id='8' ) ORDER BY post_respond_time desc LIMIT 1   [ RunTime:0.0009s ]
SQL: SELECT COUNT(*) AS tp_count FROM `icebbs_bbs_post` LIMIT 1   [ RunTime:0.0009s ]
SQL: SELECT * FROM `icebbs_bbs_post` ORDER BY post_respond_time desc LIMIT 0,5   [ RunTime:0.0012s ]
SQL: SHOW COLUMNS FROM `icebbs_article` [ RunTime:0.0011s ]
SQL: SELECT COUNT(*) AS tp_count FROM `icebbs_article` WHERE ( article_status!=3 ) LIMIT 1   [ RunTime:0.0008s ]
SQL: SELECT * FROM `icebbs_article` WHERE ( article_status!=3 ) ORDER BY article_respond_time desc LIMIT 0,5   [ RunTime:0.0021s ]
SQL: SHOW COLUMNS FROM `icebbs_message` [ RunTime:0.0021s ]
SQL: SELECT COUNT(*) AS tp_count FROM `icebbs_message` WHERE ( message_to_id='' and message_if_read=0 ) LIMIT 1   [ RunTime:0.0013s ]
SQL: SHOW COLUMNS FROM `icebbs_atmessage` [ RunTime:0.0021s ]
SQL: SELECT COUNT(*) AS tp_count FROM `icebbs_atmessage` WHERE ( atmessage_to_user_id='' and atmessage_if_read=0 ) LIMIT 1   [ RunTime:0.0006s ]
INFO: [ view_parse ] --START--
INFO: [ template_filter ] --START--
INFO: Run Behavior\ContentReplaceBehavior [ RunTime:0.000216s ]
INFO: [ template_filter ] --END-- [ RunTime:0.000292s ]
SQL: SHOW COLUMNS FROM `icebbs_user` [ RunTime:0.0012s ]
SQL: SELECT `user_img` FROM `icebbs_user` WHERE ( user_id='1' ) LIMIT 1   [ RunTime:0.0007s ]
SQL: SELECT `user_img` FROM `icebbs_user` WHERE ( user_id='1' ) LIMIT 1   [ RunTime:0.0005s ]
SQL: SELECT `user_img` FROM `icebbs_user` WHERE ( user_id='1' ) LIMIT 1   [ RunTime:0.0005s ]
SQL: SELECT `user_img` FROM `icebbs_user` WHERE ( user_id='1' ) LIMIT 1   [ RunTime:0.0012s ]
SQL: SELECT `user_img` FROM `icebbs_user` WHERE ( user_id='1' ) LIMIT 1   [ RunTime:0.0007s ]
NOTIC: [8] Undefined variable: page /www/users/HA361027/WEB/Home/Runtime/Cache/Home/4df4e807ed7b0acb80ed1668d8e82f95.php 第 231 行.
INFO: Run Behavior\ParseTemplateBehavior [ RunTime:0.031925s ]
INFO: [ view_parse ] --END-- [ RunTime:0.031993s ]
INFO: [ view_filter ] --START--
INFO: Run Behavior\WriteHtmlCacheBehavior [ RunTime:0.000613s ]
INFO: [ view_filter ] --END-- [ RunTime:0.000671s ]
INFO: [ app_end ] --START--
INFO: Run Behavior\ShowPageTraceBehavior [ RunTime:0.001871s ]
INFO: [ app_end ] --END-- [ RunTime:0.001957s ]

[ 2017-05-31T12:47:35+08:00 ] 59.42.111.66 /
INFO: [ app_init ] --START--
INFO: Run Behavior\BuildLiteBehavior [ RunTime:0.000027s ]
INFO: [ app_init ] --END-- [ RunTime:0.000890s ]
INFO: [ app_begin ] --START--
INFO: Run Behavior\ReadHtmlCacheBehavior [ RunTime:0.001226s ]
INFO: [ app_begin ] --END-- [ RunTime:0.001297s ]
SQL: SHOW COLUMNS FROM `icebbs_website` [ RunTime:0.0014s ]
SQL: SELECT * FROM `icebbs_website` WHERE ( status_id=1 )  [ RunTime:0.0007s ]
NOTIC: [8] Undefined index: think_template /www/users/HA361027/WEB/Home/Home/Controller/IndexController.class.php 第 45 行.
SQL: SHOW COLUMNS FROM `icebbs_bbs_board` [ RunTime:0.0009s ]
SQL: SELECT COUNT(*) AS tp_count FROM `icebbs_bbs_board` LIMIT 1   [ RunTime:0.0006s ]
SQL: SELECT * FROM `icebbs_bbs_board`  [ RunTime:0.0011s ]
SQL: SHOW COLUMNS FROM `icebbs_bbs_post` [ RunTime:0.0015s ]
SQL: SELECT * FROM `icebbs_bbs_post` WHERE ( post_board_id='1' ) ORDER BY post_respond_time desc LIMIT 3   [ RunTime:0.0007s ]
SQL: SELECT COUNT(*) AS tp_count FROM `icebbs_bbs_post` WHERE ( post_board_id='1' ) ORDER BY post_respond_time desc LIMIT 1   [ RunTime:0.0006s ]
SQL: SELECT * FROM `icebbs_bbs_post` WHERE ( post_board_id='2' ) ORDER BY post_respond_time desc LIMIT 3   [ RunTime:0.0005s ]
SQL: SELECT COUNT(*) AS tp_count FROM `icebbs_bbs_post` WHERE ( post_board_id='2' ) ORDER BY post_respond_time desc LIMIT 1   [ RunTime:0.0004s ]
SQL: SELECT * FROM `icebbs_bbs_post` WHERE ( post_board_id='3' ) ORDER BY post_respond_time desc LIMIT 3   [ RunTime:0.0008s ]
SQL: SELECT COUNT(*) AS tp_count FROM `icebbs_bbs_post` WHERE ( post_board_id='3' ) ORDER BY post_respond_time desc LIMIT 1   [ RunTime:0.0004s ]
SQL: SELECT * FROM `icebbs_bbs_post` WHERE ( post_board_id='4' ) ORDER BY post_respond_time desc LIMIT 3   [ RunTime:0.0008s ]
SQL: SELECT COUNT(*) AS tp_count FROM `icebbs_bbs_post` WHERE ( post_board_id='4' ) ORDER BY post_respond_time desc LIMIT 1   [ RunTime:0.0004s ]
SQL: SELECT * FROM `icebbs_bbs_post` WHERE ( post_board_id='5' ) ORDER BY post_respond_time desc LIMIT 3   [ RunTime:0.0009s ]
SQL: SELECT COUNT(*) AS tp_count FROM `icebbs_bbs_post` WHERE ( post_board_id='5' ) ORDER BY post_respond_time desc LIMIT 1   [ RunTime:0.0004s ]
SQL: SELECT * FROM `icebbs_bbs_post` WHERE ( post_board_id='6' ) ORDER BY post_respond_time desc LIMIT 3   [ RunTime:0.0007s ]
SQL: SELECT COUNT(*) AS tp_count FROM `icebbs_bbs_post` WHERE ( post_board_id='6' ) ORDER BY post_respond_time desc LIMIT 1   [ RunTime:0.0009s ]
SQL: SELECT * FROM `icebbs_bbs_post` WHERE ( post_board_id='8' ) ORDER BY post_respond_time desc LIMIT 3   [ RunTime:0.0008s ]
SQL: SELECT COUNT(*) AS tp_count FROM `icebbs_bbs_post` WHERE ( post_board_id='8' ) ORDER BY post_respond_time desc LIMIT 1   [ RunTime:0.0010s ]
SQL: SELECT COUNT(*) AS tp_count FROM `icebbs_bbs_post` LIMIT 1   [ RunTime:0.0006s ]
SQL: SELECT * FROM `icebbs_bbs_post` ORDER BY post_respond_time desc LIMIT 0,5   [ RunTime:0.0010s ]
SQL: SHOW COLUMNS FROM `icebbs_article` [ RunTime:0.0013s ]
SQL: SELECT COUNT(*) AS tp_count FROM `icebbs_article` WHERE ( article_status!=3 ) LIMIT 1   [ RunTime:0.0011s ]
SQL: SELECT * FROM `icebbs_article` WHERE ( article_status!=3 ) ORDER BY article_respond_time desc LIMIT 0,5   [ RunTime:0.0020s ]
SQL: SHOW COLUMNS FROM `icebbs_message` [ RunTime:0.0010s ]
SQL: SELECT COUNT(*) AS tp_count FROM `icebbs_message` WHERE ( message_to_id='' and message_if_read=0 ) LIMIT 1   [ RunTime:0.0007s ]
SQL: SHOW COLUMNS FROM `icebbs_atmessage` [ RunTime:0.0010s ]
SQL: SELECT COUNT(*) AS tp_count FROM `icebbs_atmessage` WHERE ( atmessage_to_user_id='' and atmessage_if_read=0 ) LIMIT 1   [ RunTime:0.0004s ]
INFO: [ view_parse ] --START--
INFO: [ template_filter ] --START--
INFO: Run Behavior\ContentReplaceBehavior [ RunTime:0.000132s ]
INFO: [ template_filter ] --END-- [ RunTime:0.000204s ]
INFO: Run Behavior\ParseTemplateBehavior [ RunTime:0.030125s ]
INFO: [ view_parse ] --END-- [ RunTime:0.030205s ]
INFO: [ view_filter ] --START--
INFO: Run Behavior\WriteHtmlCacheBehavior [ RunTime:0.000499s ]
INFO: [ view_filter ] --END-- [ RunTime:0.000558s ]
INFO: [ app_end ] --START--
INFO: Run Behavior\ShowPageTraceBehavior [ RunTime:0.001453s ]
INFO: [ app_end ] --END-- [ RunTime:0.001518s ]

[ 2017-05-31T13:37:21+08:00 ] 123.125.71.110 /
INFO: [ app_init ] --START--
INFO: Run Behavior\BuildLiteBehavior [ RunTime:0.000026s ]
INFO: [ app_init ] --END-- [ RunTime:0.000884s ]
INFO: [ app_begin ] --START--
INFO: Run Behavior\ReadHtmlCacheBehavior [ RunTime:0.001216s ]
INFO: [ app_begin ] --END-- [ RunTime:0.001282s ]
SQL: SHOW COLUMNS FROM `icebbs_website` [ RunTime:0.0012s ]
SQL: SELECT * FROM `icebbs_website` WHERE ( status_id=1 )  [ RunTime:0.0007s ]
NOTIC: [8] Undefined index: think_template /www/users/HA361027/WEB/Home/Home/Controller/IndexController.class.php 第 45 行.
SQL: SHOW COLUMNS FROM `icebbs_bbs_board` [ RunTime:0.0009s ]
SQL: SELECT COUNT(*) AS tp_count FROM `icebbs_bbs_board` LIMIT 1   [ RunTime:0.0004s ]
SQL: SELECT * FROM `icebbs_bbs_board`  [ RunTime:0.0004s ]
SQL: SHOW COLUMNS FROM `icebbs_bbs_post` [ RunTime:0.0011s ]
SQL: SELECT * FROM `icebbs_bbs_post` WHERE ( post_board_id='1' ) ORDER BY post_respond_time desc LIMIT 3   [ RunTime:0.0007s ]
SQL: SELECT COUNT(*) AS tp_count FROM `icebbs_bbs_post` WHERE ( post_board_id='1' ) ORDER BY post_respond_time desc LIMIT 1   [ RunTime:0.0005s ]
SQL: SELECT * FROM `icebbs_bbs_post` WHERE ( post_board_id='2' ) ORDER BY post_respond_time desc LIMIT 3   [ RunTime:0.0006s ]
SQL: SELECT COUNT(*) AS tp_count FROM `icebbs_bbs_post` WHERE ( post_board_id='2' ) ORDER BY post_respond_time desc LIMIT 1   [ RunTime:0.0006s ]
SQL: SELECT * FROM `icebbs_bbs_post` WHERE ( post_board_id='3' ) ORDER BY post_respond_time desc LIMIT 3   [ RunTime:0.0007s ]
SQL: SELECT COUNT(*) AS tp_count FROM `icebbs_bbs_post` WHERE ( post_board_id='3' ) ORDER BY post_respond_time desc LIMIT 1   [ RunTime:0.0009s ]
SQL: SELECT * FROM `icebbs_bbs_post` WHERE ( post_board_id='4' ) ORDER BY post_respond_time desc LIMIT 3   [ RunTime:0.0008s ]
SQL: SELECT COUNT(*) AS tp_count FROM `icebbs_bbs_post` WHERE ( post_board_id='4' ) ORDER BY post_respond_time desc LIMIT 1   [ RunTime:0.0007s ]
SQL: SELECT * FROM `icebbs_bbs_post` WHERE ( post_board_id='5' ) ORDER BY post_respond_time desc LIMIT 3   [ RunTime:0.0006s ]
SQL: SELECT COUNT(*) AS tp_count FROM `icebbs_bbs_post` WHERE ( post_board_id='5' ) ORDER BY post_respond_time desc LIMIT 1   [ RunTime:0.0010s ]
SQL: SELECT * FROM `icebbs_bbs_post` WHERE ( post_board_id='6' ) ORDER BY post_respond_time desc LIMIT 3   [ RunTime:0.0005s ]
SQL: SELECT COUNT(*) AS tp_count FROM `icebbs_bbs_post` WHERE ( post_board_id='6' ) ORDER BY post_respond_time desc LIMIT 1   [ RunTime:0.0005s ]
SQL: SELECT * FROM `icebbs_bbs_post` WHERE ( post_board_id='8' ) ORDER BY post_respond_time desc LIMIT 3   [ RunTime:0.0009s ]
SQL: SELECT COUNT(*) AS tp_count FROM `icebbs_bbs_post` WHERE ( post_board_id='8' ) ORDER BY post_respond_time desc LIMIT 1   [ RunTime:0.0022s ]
SQL: SELECT COUNT(*) AS tp_count FROM `icebbs_bbs_post` LIMIT 1   [ RunTime:0.0081s ]
SQL: SELECT * FROM `icebbs_bbs_post` ORDER BY post_respond_time desc LIMIT 0,5   [ RunTime:0.0010s ]
SQL: SHOW COLUMNS FROM `icebbs_article` [ RunTime:0.0013s ]
SQL: SELECT COUNT(*) AS tp_count FROM `icebbs_article` WHERE ( article_status!=3 ) LIMIT 1   [ RunTime:0.0005s ]
SQL: SELECT * FROM `icebbs_article` WHERE ( article_status!=3 ) ORDER BY article_respond_time desc LIMIT 0,5   [ RunTime:0.0026s ]
SQL: SHOW COLUMNS FROM `icebbs_message` [ RunTime:0.0009s ]
SQL: SELECT COUNT(*) AS tp_count FROM `icebbs_message` WHERE ( message_to_id='' and message_if_read=0 ) LIMIT 1   [ RunTime:0.0005s ]
SQL: SHOW COLUMNS FROM `icebbs_atmessage` [ RunTime:0.0010s ]
SQL: SELECT COUNT(*) AS tp_count FROM `icebbs_atmessage` WHERE ( atmessage_to_user_id='' and atmessage_if_read=0 ) LIMIT 1   [ RunTime:0.0005s ]
INFO: [ view_parse ] --START--
INFO: [ template_filter ] --START--
INFO: Run Behavior\ContentReplaceBehavior [ RunTime:0.000241s ]
INFO: [ template_filter ] --END-- [ RunTime:0.000307s ]
SQL: SHOW COLUMNS FROM `icebbs_user` [ RunTime:0.0013s ]
SQL: SELECT `user_img` FROM `icebbs_user` WHERE ( user_id='1' ) LIMIT 1   [ RunTime:0.0005s ]
SQL: SELECT `user_img` FROM `icebbs_user` WHERE ( user_id='1' ) LIMIT 1   [ RunTime:0.0010s ]
SQL: SELECT `user_img` FROM `icebbs_user` WHERE ( user_id='1' ) LIMIT 1   [ RunTime:0.0006s ]
SQL: SELECT `user_img` FROM `icebbs_user` WHERE ( user_id='1' ) LIMIT 1   [ RunTime:0.0006s ]
SQL: SELECT `user_img` FROM `icebbs_user` WHERE ( user_id='1' ) LIMIT 1   [ RunTime:0.0009s ]
NOTIC: [8] Undefined variable: page /www/users/HA361027/WEB/Home/Runtime/Cache/Home/4df4e807ed7b0acb80ed1668d8e82f95.php 第 231 行.
INFO: Run Behavior\ParseTemplateBehavior [ RunTime:0.031286s ]
INFO: [ view_parse ] --END-- [ RunTime:0.031351s ]
INFO: [ view_filter ] --START--
INFO: Run Behavior\WriteHtmlCacheBehavior [ RunTime:0.000534s ]
INFO: [ view_filter ] --END-- [ RunTime:0.000593s ]
INFO: [ app_end ] --START--
INFO: Run Behavior\ShowPageTraceBehavior [ RunTime:0.001383s ]
INFO: [ app_end ] --END-- [ RunTime:0.001451s ]

[ 2017-05-31T13:37:22+08:00 ] 123.125.71.31 /index.php
INFO: [ app_init ] --START--
INFO: Run Behavior\BuildLiteBehavior [ RunTime:0.000026s ]
INFO: [ app_init ] --END-- [ RunTime:0.000889s ]
INFO: [ app_begin ] --START--
INFO: Run Behavior\ReadHtmlCacheBehavior [ RunTime:0.001215s ]
INFO: [ app_begin ] --END-- [ RunTime:0.001282s ]
SQL: SHOW COLUMNS FROM `icebbs_website` [ RunTime:0.0014s ]
SQL: SELECT * FROM `icebbs_website` WHERE ( status_id=1 )  [ RunTime:0.0007s ]
SQL: SHOW COLUMNS FROM `icebbs_bbs_board` [ RunTime:0.0010s ]
SQL: SELECT COUNT(*) AS tp_count FROM `icebbs_bbs_board` LIMIT 1   [ RunTime:0.0005s ]
SQL: SELECT * FROM `icebbs_bbs_board`  [ RunTime:0.0006s ]
SQL: SHOW COLUMNS FROM `icebbs_bbs_post` [ RunTime:0.0013s ]
SQL: SELECT * FROM `icebbs_bbs_post` WHERE ( post_board_id='1' ) ORDER BY post_respond_time desc LIMIT 3   [ RunTime:0.0008s ]
SQL: SELECT COUNT(*) AS tp_count FROM `icebbs_bbs_post` WHERE ( post_board_id='1' ) ORDER BY post_respond_time desc LIMIT 1   [ RunTime:0.0008s ]
SQL: SELECT * FROM `icebbs_bbs_post` WHERE ( post_board_id='2' ) ORDER BY post_respond_time desc LIMIT 3   [ RunTime:0.0009s ]
SQL: SELECT COUNT(*) AS tp_count FROM `icebbs_bbs_post` WHERE ( post_board_id='2' ) ORDER BY post_respond_time desc LIMIT 1   [ RunTime:0.0005s ]
SQL: SELECT * FROM `icebbs_bbs_post` WHERE ( post_board_id='3' ) ORDER BY post_respond_time desc LIMIT 3   [ RunTime:0.0006s ]
SQL: SELECT COUNT(*) AS tp_count FROM `icebbs_bbs_post` WHERE ( post_board_id='3' ) ORDER BY post_respond_time desc LIMIT 1   [ RunTime:0.0010s ]
SQL: SELECT * FROM `icebbs_bbs_post` WHERE ( post_board_id='4' ) ORDER BY post_respond_time desc LIMIT 3   [ RunTime:0.0009s ]
SQL: SELECT COUNT(*) AS tp_count FROM `icebbs_bbs_post` WHERE ( post_board_id='4' ) ORDER BY post_respond_time desc LIMIT 1   [ RunTime:0.0006s ]
SQL: SELECT * FROM `icebbs_bbs_post` WHERE ( post_board_id='5' ) ORDER BY post_respond_time desc LIMIT 3   [ RunTime:0.0008s ]
SQL: SELECT COUNT(*) AS tp_count FROM `icebbs_bbs_post` WHERE ( post_board_id='5' ) ORDER BY post_respond_time desc LIMIT 1   [ RunTime:0.0008s ]
SQL: SELECT * FROM `icebbs_bbs_post` WHERE ( post_board_id='6' ) ORDER BY post_respond_time desc LIMIT 3   [ RunTime:0.0006s ]
SQL: SELECT COUNT(*) AS tp_count FROM `icebbs_bbs_post` WHERE ( post_board_id='6' ) ORDER BY post_respond_time desc LIMIT 1   [ RunTime:0.0005s ]
SQL: SELECT * FROM `icebbs_bbs_post` WHERE ( post_board_id='8' ) ORDER BY post_respond_time desc LIMIT 3   [ RunTime:0.0010s ]
SQL: SELECT COUNT(*) AS tp_count FROM `icebbs_bbs_post` WHERE ( post_board_id='8' ) ORDER BY post_respond_time desc LIMIT 1   [ RunTime:0.0005s ]
SQL: SELECT COUNT(*) AS tp_count FROM `icebbs_bbs_post` LIMIT 1   [ RunTime:0.0005s ]
SQL: SELECT * FROM `icebbs_bbs_post` ORDER BY post_respond_time desc LIMIT 0,5   [ RunTime:0.0011s ]
SQL: SHOW COLUMNS FROM `icebbs_article` [ RunTime:0.0011s ]
SQL: SELECT COUNT(*) AS tp_count FROM `icebbs_article` WHERE ( article_status!=3 ) LIMIT 1   [ RunTime:0.0005s ]
SQL: SELECT * FROM `icebbs_article` WHERE ( article_status!=3 ) ORDER BY article_respond_time desc LIMIT 0,5   [ RunTime:0.0027s ]
SQL: SHOW COLUMNS FROM `icebbs_message` [ RunTime:0.0017s ]
SQL: SELECT COUNT(*) AS tp_count FROM `icebbs_message` WHERE ( message_to_id='' and message_if_read=0 ) LIMIT 1   [ RunTime:0.0005s ]
SQL: SHOW COLUMNS FROM `icebbs_atmessage` [ RunTime:0.0009s ]
SQL: SELECT COUNT(*) AS tp_count FROM `icebbs_atmessage` WHERE ( atmessage_to_user_id='' and atmessage_if_read=0 ) LIMIT 1   [ RunTime:0.0010s ]
INFO: [ view_parse ] --START--
INFO: [ template_filter ] --START--
INFO: Run Behavior\ContentReplaceBehavior [ RunTime:0.000240s ]
INFO: [ template_filter ] --END-- [ RunTime:0.000313s ]
SQL: SHOW COLUMNS FROM `icebbs_user` [ RunTime:0.0012s ]
SQL: SELECT `user_img` FROM `icebbs_user` WHERE ( user_id='1' ) LIMIT 1   [ RunTime:0.0005s ]
SQL: SELECT `user_img` FROM `icebbs_user` WHERE ( user_id='1' ) LIMIT 1   [ RunTime:0.0006s ]
SQL: SELECT `user_img` FROM `icebbs_user` WHERE ( user_id='1' ) LIMIT 1   [ RunTime:0.0004s ]
SQL: SELECT `user_img` FROM `icebbs_user` WHERE ( user_id='1' ) LIMIT 1   [ RunTime:0.0009s ]
SQL: SELECT `user_img` FROM `icebbs_user` WHERE ( user_id='1' ) LIMIT 1   [ RunTime:0.0005s ]
NOTIC: [8] Undefined variable: page /www/users/HA361027/WEB/Home/Runtime/Cache/Home/4df4e807ed7b0acb80ed1668d8e82f95.php 第 231 行.
INFO: Run Behavior\ParseTemplateBehavior [ RunTime:0.036028s ]
INFO: [ view_parse ] --END-- [ RunTime:0.036094s ]
INFO: [ view_filter ] --START--
INFO: Run Behavior\WriteHtmlCacheBehavior [ RunTime:0.005990s ]
INFO: [ view_filter ] --END-- [ RunTime:0.006093s ]
INFO: [ app_end ] --START--
INFO: Run Behavior\ShowPageTraceBehavior [ RunTime:0.001406s ]
INFO: [ app_end ] --END-- [ RunTime:0.001471s ]

[ 2017-05-31T18:40:58+08:00 ] 182.41.90.199 /
INFO: [ app_init ] --START--
INFO: Run Behavior\BuildLiteBehavior [ RunTime:0.000026s ]
INFO: [ app_init ] --END-- [ RunTime:0.000892s ]
INFO: [ app_begin ] --START--
INFO: Run Behavior\ReadHtmlCacheBehavior [ RunTime:0.001223s ]
INFO: [ app_begin ] --END-- [ RunTime:0.001290s ]
SQL: SHOW COLUMNS FROM `icebbs_website` [ RunTime:0.0016s ]
SQL: SELECT * FROM `icebbs_website` WHERE ( status_id=1 )  [ RunTime:0.0010s ]
NOTIC: [8] Undefined index: think_template /www/users/HA361027/WEB/Home/Home/Controller/IndexController.class.php 第 45 行.
SQL: SHOW COLUMNS FROM `icebbs_bbs_board` [ RunTime:0.0010s ]
SQL: SELECT COUNT(*) AS tp_count FROM `icebbs_bbs_board` LIMIT 1   [ RunTime:0.0006s ]
SQL: SELECT * FROM `icebbs_bbs_board`  [ RunTime:0.0008s ]
SQL: SHOW COLUMNS FROM `icebbs_bbs_post` [ RunTime:0.0011s ]
SQL: SELECT * FROM `icebbs_bbs_post` WHERE ( post_board_id='1' ) ORDER BY post_respond_time desc LIMIT 3   [ RunTime:0.0015s ]
SQL: SELECT COUNT(*) AS tp_count FROM `icebbs_bbs_post` WHERE ( post_board_id='1' ) ORDER BY post_respond_time desc LIMIT 1   [ RunTime:0.0006s ]
SQL: SELECT * FROM `icebbs_bbs_post` WHERE ( post_board_id='2' ) ORDER BY post_respond_time desc LIMIT 3   [ RunTime:0.0006s ]
SQL: SELECT COUNT(*) AS tp_count FROM `icebbs_bbs_post` WHERE ( post_board_id='2' ) ORDER BY post_respond_time desc LIMIT 1   [ RunTime:0.0009s ]
SQL: SELECT * FROM `icebbs_bbs_post` WHERE ( post_board_id='3' ) ORDER BY post_respond_time desc LIMIT 3   [ RunTime:0.0012s ]
SQL: SELECT COUNT(*) AS tp_count FROM `icebbs_bbs_post` WHERE ( post_board_id='3' ) ORDER BY post_respond_time desc LIMIT 1   [ RunTime:0.0009s ]
SQL: SELECT * FROM `icebbs_bbs_post` WHERE ( post_board_id='4' ) ORDER BY post_respond_time desc LIMIT 3   [ RunTime:0.0008s ]
SQL: SELECT COUNT(*) AS tp_count FROM `icebbs_bbs_post` WHERE ( post_board_id='4' ) ORDER BY post_respond_time desc LIMIT 1   [ RunTime:0.0006s ]
SQL: SELECT * FROM `icebbs_bbs_post` WHERE ( post_board_id='5' ) ORDER BY post_respond_time desc LIMIT 3   [ RunTime:0.0006s ]
SQL: SELECT COUNT(*) AS tp_count FROM `icebbs_bbs_post` WHERE ( post_board_id='5' ) ORDER BY post_respond_time desc LIMIT 1   [ RunTime:0.0007s ]
SQL: SELECT * FROM `icebbs_bbs_post` WHERE ( post_board_id='6' ) ORDER BY post_respond_time desc LIMIT 3   [ RunTime:0.0006s ]
SQL: SELECT COUNT(*) AS tp_count FROM `icebbs_bbs_post` WHERE ( post_board_id='6' ) ORDER BY post_respond_time desc LIMIT 1   [ RunTime:0.0009s ]
SQL: SELECT * FROM `icebbs_bbs_post` WHERE ( post_board_id='8' ) ORDER BY post_respond_time desc LIMIT 3   [ RunTime:0.0008s ]
SQL: SELECT COUNT(*) AS tp_count FROM `icebbs_bbs_post` WHERE ( post_board_id='8' ) ORDER BY post_respond_time desc LIMIT 1   [ RunTime:0.0007s ]
SQL: SELECT COUNT(*) AS tp_count FROM `icebbs_bbs_post` LIMIT 1   [ RunTime:0.0005s ]
SQL: SELECT * FROM `icebbs_bbs_post` ORDER BY post_respond_time desc LIMIT 0,5   [ RunTime:0.0009s ]
SQL: SHOW COLUMNS FROM `icebbs_article` [ RunTime:0.0013s ]
SQL: SELECT COUNT(*) AS tp_count FROM `icebbs_article` WHERE ( article_status!=3 ) LIMIT 1   [ RunTime:0.0010s ]
SQL: SELECT * FROM `icebbs_article` WHERE ( article_status!=3 ) ORDER BY article_respond_time desc LIMIT 0,5   [ RunTime:0.0019s ]
SQL: SHOW COLUMNS FROM `icebbs_message` [ RunTime:0.0013s ]
SQL: SELECT COUNT(*) AS tp_count FROM `icebbs_message` WHERE ( message_to_id='' and message_if_read=0 ) LIMIT 1   [ RunTime:0.0005s ]
SQL: SHOW COLUMNS FROM `icebbs_atmessage` [ RunTime:0.0014s ]
SQL: SELECT COUNT(*) AS tp_count FROM `icebbs_atmessage` WHERE ( atmessage_to_user_id='' and atmessage_if_read=0 ) LIMIT 1   [ RunTime:0.0004s ]
INFO: [ view_parse ] --START--
INFO: [ template_filter ] --START--
INFO: Run Behavior\ContentReplaceBehavior [ RunTime:0.000150s ]
INFO: [ template_filter ] --END-- [ RunTime:0.000259s ]
INFO: Run Behavior\ParseTemplateBehavior [ RunTime:0.022538s ]
INFO: [ view_parse ] --END-- [ RunTime:0.022612s ]
INFO: [ view_filter ] --START--
INFO: Run Behavior\WriteHtmlCacheBehavior [ RunTime:0.000502s ]
INFO: [ view_filter ] --END-- [ RunTime:0.000559s ]
INFO: [ app_end ] --START--
INFO: Run Behavior\ShowPageTraceBehavior [ RunTime:0.001414s ]
INFO: [ app_end ] --END-- [ RunTime:0.001484s ]

[ 2017-05-31T18:41:07+08:00 ] 180.163.2.118 /
INFO: [ app_init ] --START--
INFO: Run Behavior\BuildLiteBehavior [ RunTime:0.000024s ]
INFO: [ app_init ] --END-- [ RunTime:0.000853s ]
INFO: [ app_begin ] --START--
INFO: Run Behavior\ReadHtmlCacheBehavior [ RunTime:0.001209s ]
INFO: [ app_begin ] --END-- [ RunTime:0.001277s ]
SQL: SHOW COLUMNS FROM `icebbs_website` [ RunTime:0.0011s ]
SQL: SELECT * FROM `icebbs_website` WHERE ( status_id=1 )  [ RunTime:0.0006s ]
NOTIC: [8] Undefined index: think_template /www/users/HA361027/WEB/Home/Home/Controller/IndexController.class.php 第 45 行.
SQL: SHOW COLUMNS FROM `icebbs_bbs_board` [ RunTime:0.0009s ]
SQL: SELECT COUNT(*) AS tp_count FROM `icebbs_bbs_board` LIMIT 1   [ RunTime:0.0004s ]
SQL: SELECT * FROM `icebbs_bbs_board`  [ RunTime:0.0004s ]
SQL: SHOW COLUMNS FROM `icebbs_bbs_post` [ RunTime:0.0011s ]
SQL: SELECT * FROM `icebbs_bbs_post` WHERE ( post_board_id='1' ) ORDER BY post_respond_time desc LIMIT 3   [ RunTime:0.0008s ]
SQL: SELECT COUNT(*) AS tp_count FROM `icebbs_bbs_post` WHERE ( post_board_id='1' ) ORDER BY post_respond_time desc LIMIT 1   [ RunTime:0.0006s ]
SQL: SELECT * FROM `icebbs_bbs_post` WHERE ( post_board_id='2' ) ORDER BY post_respond_time desc LIMIT 3   [ RunTime:0.0008s ]
SQL: SELECT COUNT(*) AS tp_count FROM `icebbs_bbs_post` WHERE ( post_board_id='2' ) ORDER BY post_respond_time desc LIMIT 1   [ RunTime:0.0005s ]
SQL: SELECT * FROM `icebbs_bbs_post` WHERE ( post_board_id='3' ) ORDER BY post_respond_time desc LIMIT 3   [ RunTime:0.0007s ]
SQL: SELECT COUNT(*) AS tp_count FROM `icebbs_bbs_post` WHERE ( post_board_id='3' ) ORDER BY post_respond_time desc LIMIT 1   [ RunTime:0.0009s ]
SQL: SELECT * FROM `icebbs_bbs_post` WHERE ( post_board_id='4' ) ORDER BY post_respond_time desc LIMIT 3   [ RunTime:0.0008s ]
SQL: SELECT COUNT(*) AS tp_count FROM `icebbs_bbs_post` WHERE ( post_board_id='4' ) ORDER BY post_respond_time desc LIMIT 1   [ RunTime:0.0006s ]
SQL: SELECT * FROM `icebbs_bbs_post` WHERE ( post_board_id='5' ) ORDER BY post_respond_time desc LIMIT 3   [ RunTime:0.0007s ]
SQL: SELECT COUNT(*) AS tp_count FROM `icebbs_bbs_post` WHERE ( post_board_id='5' ) ORDER BY post_respond_time desc LIMIT 1   [ RunTime:0.0006s ]
SQL: SELECT * FROM `icebbs_bbs_post` WHERE ( post_board_id='6' ) ORDER BY post_respond_time desc LIMIT 3   [ RunTime:0.0006s ]
SQL: SELECT COUNT(*) AS tp_count FROM `icebbs_bbs_post` WHERE ( post_board_id='6' ) ORDER BY post_respond_time desc LIMIT 1   [ RunTime:0.0011s ]
SQL: SELECT * FROM `icebbs_bbs_post` WHERE ( post_board_id='8' ) ORDER BY post_respond_time desc LIMIT 3   [ RunTime:0.0007s ]
SQL: SELECT COUNT(*) AS tp_count FROM `icebbs_bbs_post` WHERE ( post_board_id='8' ) ORDER BY post_respond_time desc LIMIT 1   [ RunTime:0.0005s ]
SQL: SELECT COUNT(*) AS tp_count FROM `icebbs_bbs_post` LIMIT 1   [ RunTime:0.0004s ]
SQL: SELECT * FROM `icebbs_bbs_post` ORDER BY post_respond_time desc LIMIT 0,5   [ RunTime:0.0013s ]
SQL: SHOW COLUMNS FROM `icebbs_article` [ RunTime:0.0011s ]
SQL: SELECT COUNT(*) AS tp_count FROM `icebbs_article` WHERE ( article_status!=3 ) LIMIT 1   [ RunTime:0.0005s ]
SQL: SELECT * FROM `icebbs_article` WHERE ( article_status!=3 ) ORDER BY article_respond_time desc LIMIT 0,5   [ RunTime:0.0017s ]
SQL: SHOW COLUMNS FROM `icebbs_message` [ RunTime:0.0008s ]
SQL: SELECT COUNT(*) AS tp_count FROM `icebbs_message` WHERE ( message_to_id='' and message_if_read=0 ) LIMIT 1   [ RunTime:0.0008s ]
SQL: SHOW COLUMNS FROM `icebbs_atmessage` [ RunTime:0.0017s ]
SQL: SELECT COUNT(*) AS tp_count FROM `icebbs_atmessage` WHERE ( atmessage_to_user_id='' and atmessage_if_read=0 ) LIMIT 1   [ RunTime:0.0010s ]
INFO: [ view_parse ] --START--
INFO: [ template_filter ] --START--
INFO: Run Behavior\ContentReplaceBehavior [ RunTime:0.000221s ]
INFO: [ template_filter ] --END-- [ RunTime:0.000296s ]
SQL: SHOW COLUMNS FROM `icebbs_user` [ RunTime:0.0013s ]
SQL: SELECT `user_img` FROM `icebbs_user` WHERE ( user_id='1' ) LIMIT 1   [ RunTime:0.0006s ]
SQL: SELECT `user_img` FROM `icebbs_user` WHERE ( user_id='1' ) LIMIT 1   [ RunTime:0.0007s ]
SQL: SELECT `user_img` FROM `icebbs_user` WHERE ( user_id='1' ) LIMIT 1   [ RunTime:0.0006s ]
SQL: SELECT `user_img` FROM `icebbs_user` WHERE ( user_id='1' ) LIMIT 1   [ RunTime:0.0021s ]
SQL: SELECT `user_img` FROM `icebbs_user` WHERE ( user_id='1' ) LIMIT 1   [ RunTime:0.0005s ]
NOTIC: [8] Undefined variable: page /www/users/HA361027/WEB/Home/Runtime/Cache/Home/4df4e807ed7b0acb80ed1668d8e82f95.php 第 231 行.
INFO: Run Behavior\ParseTemplateBehavior [ RunTime:0.032563s ]
INFO: [ view_parse ] --END-- [ RunTime:0.032633s ]
INFO: [ view_filter ] --START--
INFO: Run Behavior\WriteHtmlCacheBehavior [ RunTime:0.000571s ]
INFO: [ view_filter ] --END-- [ RunTime:0.000631s ]
INFO: [ app_end ] --START--
INFO: Run Behavior\ShowPageTraceBehavior [ RunTime:0.001369s ]
INFO: [ app_end ] --END-- [ RunTime:0.001468s ]

[ 2017-05-31T18:41:07+08:00 ] 180.163.2.118 /index.php
INFO: [ app_init ] --START--
INFO: Run Behavior\BuildLiteBehavior [ RunTime:0.000026s ]
INFO: [ app_init ] --END-- [ RunTime:0.000891s ]
INFO: [ app_begin ] --START--
INFO: Run Behavior\ReadHtmlCacheBehavior [ RunTime:0.001214s ]
INFO: [ app_begin ] --END-- [ RunTime:0.001283s ]
SQL: SHOW COLUMNS FROM `icebbs_website` [ RunTime:0.0012s ]
SQL: SELECT * FROM `icebbs_website` WHERE ( status_id=1 )  [ RunTime:0.0008s ]
SQL: SHOW COLUMNS FROM `icebbs_bbs_board` [ RunTime:0.0007s ]
SQL: SELECT COUNT(*) AS tp_count FROM `icebbs_bbs_board` LIMIT 1   [ RunTime:0.0004s ]
SQL: SELECT * FROM `icebbs_bbs_board`  [ RunTime:0.0006s ]
SQL: SHOW COLUMNS FROM `icebbs_bbs_post` [ RunTime:0.0016s ]
SQL: SELECT * FROM `icebbs_bbs_post` WHERE ( post_board_id='1' ) ORDER BY post_respond_time desc LIMIT 3   [ RunTime:0.0011s ]
SQL: SELECT COUNT(*) AS tp_count FROM `icebbs_bbs_post` WHERE ( post_board_id='1' ) ORDER BY post_respond_time desc LIMIT 1   [ RunTime:0.0008s ]
SQL: SELECT * FROM `icebbs_bbs_post` WHERE ( post_board_id='2' ) ORDER BY post_respond_time desc LIMIT 3   [ RunTime:0.0010s ]
SQL: SELECT COUNT(*) AS tp_count FROM `icebbs_bbs_post` WHERE ( post_board_id='2' ) ORDER BY post_respond_time desc LIMIT 1   [ RunTime:0.0007s ]
SQL: SELECT * FROM `icebbs_bbs_post` WHERE ( post_board_id='3' ) ORDER BY post_respond_time desc LIMIT 3   [ RunTime:0.0006s ]
SQL: SELECT COUNT(*) AS tp_count FROM `icebbs_bbs_post` WHERE ( post_board_id='3' ) ORDER BY post_respond_time desc LIMIT 1   [ RunTime:0.0004s ]
SQL: SELECT * FROM `icebbs_bbs_post` WHERE ( post_board_id='4' ) ORDER BY post_respond_time desc LIMIT 3   [ RunTime:0.0012s ]
SQL: SELECT COUNT(*) AS tp_count FROM `icebbs_bbs_post` WHERE ( post_board_id='4' ) ORDER BY post_respond_time desc LIMIT 1   [ RunTime:0.0004s ]
SQL: SELECT * FROM `icebbs_bbs_post` WHERE ( post_board_id='5' ) ORDER BY post_respond_time desc LIMIT 3   [ RunTime:0.0009s ]
SQL: SELECT COUNT(*) AS tp_count FROM `icebbs_bbs_post` WHERE ( post_board_id='5' ) ORDER BY post_respond_time desc LIMIT 1   [ RunTime:0.0010s ]
SQL: SELECT * FROM `icebbs_bbs_post` WHERE ( post_board_id='6' ) ORDER BY post_respond_time desc LIMIT 3   [ RunTime:0.0008s ]
SQL: SELECT COUNT(*) AS tp_count FROM `icebbs_bbs_post` WHERE ( post_board_id='6' ) ORDER BY post_respond_time desc LIMIT 1   [ RunTime:0.0010s ]
SQL: SELECT * FROM `icebbs_bbs_post` WHERE ( post_board_id='8' ) ORDER BY post_respond_time desc LIMIT 3   [ RunTime:0.0006s ]
SQL: SELECT COUNT(*) AS tp_count FROM `icebbs_bbs_post` WHERE ( post_board_id='8' ) ORDER BY post_respond_time desc LIMIT 1   [ RunTime:0.0010s ]
SQL: SELECT COUNT(*) AS tp_count FROM `icebbs_bbs_post` LIMIT 1   [ RunTime:0.0006s ]
SQL: SELECT * FROM `icebbs_bbs_post` ORDER BY post_respond_time desc LIMIT 0,5   [ RunTime:0.0007s ]
SQL: SHOW COLUMNS FROM `icebbs_article` [ RunTime:0.0008s ]
SQL: SELECT COUNT(*) AS tp_count FROM `icebbs_article` WHERE ( article_status!=3 ) LIMIT 1   [ RunTime:0.0005s ]
SQL: SELECT * FROM `icebbs_article` WHERE ( article_status!=3 ) ORDER BY article_respond_time desc LIMIT 0,5   [ RunTime:0.0026s ]
SQL: SHOW COLUMNS FROM `icebbs_message` [ RunTime:0.0008s ]
SQL: SELECT COUNT(*) AS tp_count FROM `icebbs_message` WHERE ( message_to_id='' and message_if_read=0 ) LIMIT 1   [ RunTime:0.0004s ]
SQL: SHOW COLUMNS FROM `icebbs_atmessage` [ RunTime:0.0008s ]
SQL: SELECT COUNT(*) AS tp_count FROM `icebbs_atmessage` WHERE ( atmessage_to_user_id='' and atmessage_if_read=0 ) LIMIT 1   [ RunTime:0.0006s ]
INFO: [ view_parse ] --START--
INFO: [ template_filter ] --START--
INFO: Run Behavior\ContentReplaceBehavior [ RunTime:0.000219s ]
INFO: [ template_filter ] --END-- [ RunTime:0.000296s ]
SQL: SHOW COLUMNS FROM `icebbs_user` [ RunTime:0.0013s ]
SQL: SELECT `user_img` FROM `icebbs_user` WHERE ( user_id='1' ) LIMIT 1   [ RunTime:0.0005s ]
SQL: SELECT `user_img` FROM `icebbs_user` WHERE ( user_id='1' ) LIMIT 1   [ RunTime:0.0006s ]
SQL: SELECT `user_img` FROM `icebbs_user` WHERE ( user_id='1' ) LIMIT 1   [ RunTime:0.0004s ]
SQL: SELECT `user_img` FROM `icebbs_user` WHERE ( user_id='1' ) LIMIT 1   [ RunTime:0.0005s ]
SQL: SELECT `user_img` FROM `icebbs_user` WHERE ( user_id='1' ) LIMIT 1   [ RunTime:0.0006s ]
NOTIC: [8] Undefined variable: page /www/users/HA361027/WEB/Home/Runtime/Cache/Home/4df4e807ed7b0acb80ed1668d8e82f95.php 第 231 行.
INFO: Run Behavior\ParseTemplateBehavior [ RunTime:0.030579s ]
INFO: [ view_parse ] --END-- [ RunTime:0.030646s ]
INFO: [ view_filter ] --START--
INFO: Run Behavior\WriteHtmlCacheBehavior [ RunTime:0.000535s ]
INFO: [ view_filter ] --END-- [ RunTime:0.000595s ]
INFO: [ app_end ] --START--
INFO: Run Behavior\ShowPageTraceBehavior [ RunTime:0.001366s ]
INFO: [ app_end ] --END-- [ RunTime:0.001433s ]

[ 2017-05-31T19:09:39+08:00 ] 220.181.165.194 /
INFO: [ app_init ] --START--
INFO: Run Behavior\BuildLiteBehavior [ RunTime:0.000027s ]
INFO: [ app_init ] --END-- [ RunTime:0.001140s ]
INFO: [ app_begin ] --START--
INFO: Run Behavior\ReadHtmlCacheBehavior [ RunTime:0.001239s ]
INFO: [ app_begin ] --END-- [ RunTime:0.001307s ]
SQL: SHOW COLUMNS FROM `icebbs_website` [ RunTime:0.0014s ]
SQL: SELECT * FROM `icebbs_website` WHERE ( status_id=1 )  [ RunTime:0.0009s ]
NOTIC: [8] Undefined index: think_template /www/users/HA361027/WEB/Home/Home/Controller/IndexController.class.php 第 45 行.
SQL: SHOW COLUMNS FROM `icebbs_bbs_board` [ RunTime:0.0010s ]
SQL: SELECT COUNT(*) AS tp_count FROM `icebbs_bbs_board` LIMIT 1   [ RunTime:0.0004s ]
SQL: SELECT * FROM `icebbs_bbs_board`  [ RunTime:0.0006s ]
SQL: SHOW COLUMNS FROM `icebbs_bbs_post` [ RunTime:0.0012s ]
SQL: SELECT * FROM `icebbs_bbs_post` WHERE ( post_board_id='1' ) ORDER BY post_respond_time desc LIMIT 3   [ RunTime:0.0008s ]
SQL: SELECT COUNT(*) AS tp_count FROM `icebbs_bbs_post` WHERE ( post_board_id='1' ) ORDER BY post_respond_time desc LIMIT 1   [ RunTime:0.0006s ]
SQL: SELECT * FROM `icebbs_bbs_post` WHERE ( post_board_id='2' ) ORDER BY post_respond_time desc LIMIT 3   [ RunTime:0.0006s ]
SQL: SELECT COUNT(*) AS tp_count FROM `icebbs_bbs_post` WHERE ( post_board_id='2' ) ORDER BY post_respond_time desc LIMIT 1   [ RunTime:0.0008s ]
SQL: SELECT * FROM `icebbs_bbs_post` WHERE ( post_board_id='3' ) ORDER BY post_respond_time desc LIMIT 3   [ RunTime:0.0006s ]
SQL: SELECT COUNT(*) AS tp_count FROM `icebbs_bbs_post` WHERE ( post_board_id='3' ) ORDER BY post_respond_time desc LIMIT 1   [ RunTime:0.0005s ]
SQL: SELECT * FROM `icebbs_bbs_post` WHERE ( post_board_id='4' ) ORDER BY post_respond_time desc LIMIT 3   [ RunTime:0.0006s ]
SQL: SELECT COUNT(*) AS tp_count FROM `icebbs_bbs_post` WHERE ( post_board_id='4' ) ORDER BY post_respond_time desc LIMIT 1   [ RunTime:0.0007s ]
SQL: SELECT * FROM `icebbs_bbs_post` WHERE ( post_board_id='5' ) ORDER BY post_respond_time desc LIMIT 3   [ RunTime:0.0006s ]
SQL: SELECT COUNT(*) AS tp_count FROM `icebbs_bbs_post` WHERE ( post_board_id='5' ) ORDER BY post_respond_time desc LIMIT 1   [ RunTime:0.0006s ]
SQL: SELECT * FROM `icebbs_bbs_post` WHERE ( post_board_id='6' ) ORDER BY post_respond_time desc LIMIT 3   [ RunTime:0.0006s ]
SQL: SELECT COUNT(*) AS tp_count FROM `icebbs_bbs_post` WHERE ( post_board_id='6' ) ORDER BY post_respond_time desc LIMIT 1   [ RunTime:0.0005s ]
SQL: SELECT * FROM `icebbs_bbs_post` WHERE ( post_board_id='8' ) ORDER BY post_respond_time desc LIMIT 3   [ RunTime:0.0006s ]
SQL: SELECT COUNT(*) AS tp_count FROM `icebbs_bbs_post` WHERE ( post_board_id='8' ) ORDER BY post_respond_time desc LIMIT 1   [ RunTime:0.0008s ]
SQL: SELECT COUNT(*) AS tp_count FROM `icebbs_bbs_post` LIMIT 1   [ RunTime:0.0040s ]
SQL: SELECT * FROM `icebbs_bbs_post` ORDER BY post_respond_time desc LIMIT 0,5   [ RunTime:0.0007s ]
SQL: SHOW COLUMNS FROM `icebbs_article` [ RunTime:0.0011s ]
SQL: SELECT COUNT(*) AS tp_count FROM `icebbs_article` WHERE ( article_status!=3 ) LIMIT 1   [ RunTime:0.0009s ]
SQL: SELECT * FROM `icebbs_article` WHERE ( article_status!=3 ) ORDER BY article_respond_time desc LIMIT 0,5   [ RunTime:0.0025s ]
SQL: SHOW COLUMNS FROM `icebbs_message` [ RunTime:0.0012s ]
SQL: SELECT COUNT(*) AS tp_count FROM `icebbs_message` WHERE ( message_to_id='' and message_if_read=0 ) LIMIT 1   [ RunTime:0.0005s ]
SQL: SHOW COLUMNS FROM `icebbs_atmessage` [ RunTime:0.0057s ]
SQL: SELECT COUNT(*) AS tp_count FROM `icebbs_atmessage` WHERE ( atmessage_to_user_id='' and atmessage_if_read=0 ) LIMIT 1   [ RunTime:0.0010s ]
INFO: [ view_parse ] --START--
INFO: [ template_filter ] --START--
INFO: Run Behavior\ContentReplaceBehavior [ RunTime:0.000215s ]
INFO: [ template_filter ] --END-- [ RunTime:0.000281s ]
SQL: SHOW COLUMNS FROM `icebbs_user` [ RunTime:0.0016s ]
SQL: SELECT `user_img` FROM `icebbs_user` WHERE ( user_id='1' ) LIMIT 1   [ RunTime:0.0005s ]
SQL: SELECT `user_img` FROM `icebbs_user` WHERE ( user_id='1' ) LIMIT 1   [ RunTime:0.0006s ]
SQL: SELECT `user_img` FROM `icebbs_user` WHERE ( user_id='1' ) LIMIT 1   [ RunTime:0.0008s ]
SQL: SELECT `user_img` FROM `icebbs_user` WHERE ( user_id='1' ) LIMIT 1   [ RunTime:0.0006s ]
SQL: SELECT `user_img` FROM `icebbs_user` WHERE ( user_id='1' ) LIMIT 1   [ RunTime:0.0009s ]
NOTIC: [8] Undefined variable: page /www/users/HA361027/WEB/Home/Runtime/Cache/Home/4df4e807ed7b0acb80ed1668d8e82f95.php 第 231 行.
INFO: Run Behavior\ParseTemplateBehavior [ RunTime:0.031602s ]
INFO: [ view_parse ] --END-- [ RunTime:0.031670s ]
INFO: [ view_filter ] --START--
INFO: Run Behavior\WriteHtmlCacheBehavior [ RunTime:0.000481s ]
INFO: [ view_filter ] --END-- [ RunTime:0.000541s ]
INFO: [ app_end ] --START--
INFO: Run Behavior\ShowPageTraceBehavior [ RunTime:0.001354s ]
INFO: [ app_end ] --END-- [ RunTime:0.001424s ]

[ 2017-05-31T19:09:47+08:00 ] 220.181.165.200 /
INFO: [ app_init ] --START--
INFO: Run Behavior\BuildLiteBehavior [ RunTime:0.000026s ]
INFO: [ app_init ] --END-- [ RunTime:0.000890s ]
INFO: [ app_begin ] --START--
INFO: Run Behavior\ReadHtmlCacheBehavior [ RunTime:0.001255s ]
INFO: [ app_begin ] --END-- [ RunTime:0.001321s ]
SQL: SHOW COLUMNS FROM `icebbs_website` [ RunTime:0.0015s ]
SQL: SELECT * FROM `icebbs_website` WHERE ( status_id=1 )  [ RunTime:0.0008s ]
NOTIC: [8] Undefined index: think_template /www/users/HA361027/WEB/Home/Home/Controller/IndexController.class.php 第 45 行.
SQL: SHOW COLUMNS FROM `icebbs_bbs_board` [ RunTime:0.0049s ]
SQL: SELECT COUNT(*) AS tp_count FROM `icebbs_bbs_board` LIMIT 1   [ RunTime:0.0006s ]
SQL: SELECT * FROM `icebbs_bbs_board`  [ RunTime:0.0006s ]
SQL: SHOW COLUMNS FROM `icebbs_bbs_post` [ RunTime:0.0012s ]
SQL: SELECT * FROM `icebbs_bbs_post` WHERE ( post_board_id='1' ) ORDER BY post_respond_time desc LIMIT 3   [ RunTime:0.0008s ]
SQL: SELECT COUNT(*) AS tp_count FROM `icebbs_bbs_post` WHERE ( post_board_id='1' ) ORDER BY post_respond_time desc LIMIT 1   [ RunTime:0.0008s ]
SQL: SELECT * FROM `icebbs_bbs_post` WHERE ( post_board_id='2' ) ORDER BY post_respond_time desc LIMIT 3   [ RunTime:0.0013s ]
SQL: SELECT COUNT(*) AS tp_count FROM `icebbs_bbs_post` WHERE ( post_board_id='2' ) ORDER BY post_respond_time desc LIMIT 1   [ RunTime:0.0007s ]
SQL: SELECT * FROM `icebbs_bbs_post` WHERE ( post_board_id='3' ) ORDER BY post_respond_time desc LIMIT 3   [ RunTime:0.0007s ]
SQL: SELECT COUNT(*) AS tp_count FROM `icebbs_bbs_post` WHERE ( post_board_id='3' ) ORDER BY post_respond_time desc LIMIT 1   [ RunTime:0.0004s ]
SQL: SELECT * FROM `icebbs_bbs_post` WHERE ( post_board_id='4' ) ORDER BY post_respond_time desc LIMIT 3   [ RunTime:0.0006s ]
SQL: SELECT COUNT(*) AS tp_count FROM `icebbs_bbs_post` WHERE ( post_board_id='4' ) ORDER BY post_respond_time desc LIMIT 1   [ RunTime:0.0004s ]
SQL: SELECT * FROM `icebbs_bbs_post` WHERE ( post_board_id='5' ) ORDER BY post_respond_time desc LIMIT 3   [ RunTime:0.0006s ]
SQL: SELECT COUNT(*) AS tp_count FROM `icebbs_bbs_post` WHERE ( post_board_id='5' ) ORDER BY post_respond_time desc LIMIT 1   [ RunTime:0.0006s ]
SQL: SELECT * FROM `icebbs_bbs_post` WHERE ( post_board_id='6' ) ORDER BY post_respond_time desc LIMIT 3   [ RunTime:0.0006s ]
SQL: SELECT COUNT(*) AS tp_count FROM `icebbs_bbs_post` WHERE ( post_board_id='6' ) ORDER BY post_respond_time desc LIMIT 1   [ RunTime:0.0007s ]
SQL: SELECT * FROM `icebbs_bbs_post` WHERE ( post_board_id='8' ) ORDER BY post_respond_time desc LIMIT 3   [ RunTime:0.0006s ]
SQL: SELECT COUNT(*) AS tp_count FROM `icebbs_bbs_post` WHERE ( post_board_id='8' ) ORDER BY post_respond_time desc LIMIT 1   [ RunTime:0.0005s ]
SQL: SELECT COUNT(*) AS tp_count FROM `icebbs_bbs_post` LIMIT 1   [ RunTime:0.0005s ]
SQL: SELECT * FROM `icebbs_bbs_post` ORDER BY post_respond_time desc LIMIT 0,5   [ RunTime:0.0009s ]
SQL: SHOW COLUMNS FROM `icebbs_article` [ RunTime:0.0015s ]
SQL: SELECT COUNT(*) AS tp_count FROM `icebbs_article` WHERE ( article_status!=3 ) LIMIT 1   [ RunTime:0.0007s ]
SQL: SELECT * FROM `icebbs_article` WHERE ( article_status!=3 ) ORDER BY article_respond_time desc LIMIT 0,5   [ RunTime:0.0022s ]
SQL: SHOW COLUMNS FROM `icebbs_message` [ RunTime:0.0008s ]
SQL: SELECT COUNT(*) AS tp_count FROM `icebbs_message` WHERE ( message_to_id='' and message_if_read=0 ) LIMIT 1   [ RunTime:0.0011s ]
SQL: SHOW COLUMNS FROM `icebbs_atmessage` [ RunTime:0.0010s ]
SQL: SELECT COUNT(*) AS tp_count FROM `icebbs_atmessage` WHERE ( atmessage_to_user_id='' and atmessage_if_read=0 ) LIMIT 1   [ RunTime:0.0005s ]
INFO: [ view_parse ] --START--
INFO: [ template_filter ] --START--
INFO: Run Behavior\ContentReplaceBehavior [ RunTime:0.000425s ]
INFO: [ template_filter ] --END-- [ RunTime:0.000544s ]
SQL: SHOW COLUMNS FROM `icebbs_user` [ RunTime:0.0013s ]
SQL: SELECT `user_img` FROM `icebbs_user` WHERE ( user_id='1' ) LIMIT 1   [ RunTime:0.0006s ]
SQL: SELECT `user_img` FROM `icebbs_user` WHERE ( user_id='1' ) LIMIT 1   [ RunTime:0.0006s ]
SQL: SELECT `user_img` FROM `icebbs_user` WHERE ( user_id='1' ) LIMIT 1   [ RunTime:0.0005s ]
SQL: SELECT `user_img` FROM `icebbs_user` WHERE ( user_id='1' ) LIMIT 1   [ RunTime:0.0007s ]
SQL: SELECT `user_img` FROM `icebbs_user` WHERE ( user_id='1' ) LIMIT 1   [ RunTime:0.0006s ]
NOTIC: [8] Undefined variable: page /www/users/HA361027/WEB/Home/Runtime/Cache/Home/4df4e807ed7b0acb80ed1668d8e82f95.php 第 231 行.
INFO: Run Behavior\ParseTemplateBehavior [ RunTime:0.047294s ]
INFO: [ view_parse ] --END-- [ RunTime:0.047380s ]
INFO: [ view_filter ] --START--
INFO: Run Behavior\WriteHtmlCacheBehavior [ RunTime:0.000640s ]
INFO: [ view_filter ] --END-- [ RunTime:0.000700s ]
INFO: [ app_end ] --START--
INFO: Run Behavior\ShowPageTraceBehavior [ RunTime:0.001389s ]
INFO: [ app_end ] --END-- [ RunTime:0.001454s ]

[ 2017-05-31T19:28:16+08:00 ] 34.209.5.10 /index.php/Home/bbs/read/id/12.html
INFO: [ app_init ] --START--
INFO: Run Behavior\BuildLiteBehavior [ RunTime:0.000025s ]
INFO: [ app_init ] --END-- [ RunTime:0.000875s ]
INFO: [ app_begin ] --START--
INFO: Run Behavior\ReadHtmlCacheBehavior [ RunTime:0.001211s ]
INFO: [ app_begin ] --END-- [ RunTime:0.001278s ]
SQL: SHOW COLUMNS FROM `icebbs_website` [ RunTime:0.0013s ]
SQL: SELECT * FROM `icebbs_website` WHERE ( status_id=1 )  [ RunTime:0.0008s ]
SQL: SELECT * FROM `icebbs_website` WHERE ( status_id=1 )  [ RunTime:0.0013s ]
SQL: SHOW COLUMNS FROM `icebbs_bbs_post` [ RunTime:0.0011s ]
SQL: SELECT COUNT(*) AS tp_count FROM `icebbs_bbs_post` WHERE `post_id` = 12 LIMIT 1   [ RunTime:0.0006s ]
SQL: SELECT * FROM `icebbs_bbs_post` WHERE `post_id` = 12  [ RunTime:0.0010s ]
SQL: SHOW COLUMNS FROM `icebbs_bbs_board` [ RunTime:0.0008s ]
SQL: SELECT `bbs_board_name` FROM `icebbs_bbs_board` WHERE `bbs_board_id` = 1 LIMIT 1   [ RunTime:0.0009s ]
SQL: SHOW COLUMNS FROM `icebbs_user` [ RunTime:0.0018s ]
SQL: SELECT * FROM `icebbs_user` WHERE ( user_id='1' )  [ RunTime:0.0007s ]
SQL: UPDATE `icebbs_bbs_post` SET `post_hot`='31',`post_read_time`='2017-05-31 19:28:16' WHERE ( post_id=12 ) [ RunTime:0.0010s ]
SQL: SHOW COLUMNS FROM `icebbs_bbs_respond` [ RunTime:0.0012s ]
SQL: SELECT * FROM `icebbs_bbs_respond` WHERE ( respond_post_id='12' and respond_status=1 ) ORDER BY respond_id desc LIMIT 5   [ RunTime:0.0007s ]
SQL: SELECT COUNT(*) AS tp_count FROM `icebbs_bbs_respond` WHERE ( respond_post_id='12' and respond_status=1 ) LIMIT 1   [ RunTime:0.0004s ]
INFO: [ view_parse ] --START--
INFO: [ template_filter ] --START--
INFO: Run Behavior\ContentReplaceBehavior [ RunTime:0.000177s ]
INFO: [ template_filter ] --END-- [ RunTime:0.000249s ]
INFO: Run Behavior\ParseTemplateBehavior [ RunTime:0.028157s ]
INFO: [ view_parse ] --END-- [ RunTime:0.028228s ]
INFO: [ view_filter ] --START--
INFO: Run Behavior\WriteHtmlCacheBehavior [ RunTime:0.000472s ]
INFO: [ view_filter ] --END-- [ RunTime:0.000531s ]
INFO: [ app_end ] --START--
INFO: Run Behavior\ShowPageTraceBehavior [ RunTime:0.001380s ]
INFO: [ app_end ] --END-- [ RunTime:0.001445s ]

[ 2017-05-31T19:30:16+08:00 ] 34.209.5.10 /index.php/Home/bbs/read/id/12.html
INFO: [ app_init ] --START--
INFO: Run Behavior\BuildLiteBehavior [ RunTime:0.000026s ]
INFO: [ app_init ] --END-- [ RunTime:0.000882s ]
INFO: [ app_begin ] --START--
INFO: Run Behavior\ReadHtmlCacheBehavior [ RunTime:0.001219s ]
INFO: [ app_begin ] --END-- [ RunTime:0.001287s ]
SQL: SHOW COLUMNS FROM `icebbs_website` [ RunTime:0.0013s ]
SQL: SELECT * FROM `icebbs_website` WHERE ( status_id=1 )  [ RunTime:0.0006s ]
SQL: SELECT * FROM `icebbs_website` WHERE ( status_id=1 )  [ RunTime:0.0008s ]
SQL: SHOW COLUMNS FROM `icebbs_bbs_post` [ RunTime:0.0009s ]
SQL: SELECT COUNT(*) AS tp_count FROM `icebbs_bbs_post` WHERE `post_id` = 12 LIMIT 1   [ RunTime:0.0004s ]
SQL: SELECT * FROM `icebbs_bbs_post` WHERE `post_id` = 12  [ RunTime:0.0007s ]
SQL: SHOW COLUMNS FROM `icebbs_bbs_board` [ RunTime:0.0009s ]
SQL: SELECT `bbs_board_name` FROM `icebbs_bbs_board` WHERE `bbs_board_id` = 1 LIMIT 1   [ RunTime:0.0005s ]
SQL: SHOW COLUMNS FROM `icebbs_user` [ RunTime:0.0012s ]
SQL: SELECT * FROM `icebbs_user` WHERE ( user_id='1' )  [ RunTime:0.0007s ]
SQL: UPDATE `icebbs_bbs_post` SET `post_hot`='32',`post_read_time`='2017-05-31 19:30:16' WHERE ( post_id=12 ) [ RunTime:0.0006s ]
SQL: SHOW COLUMNS FROM `icebbs_bbs_respond` [ RunTime:0.0011s ]
SQL: SELECT * FROM `icebbs_bbs_respond` WHERE ( respond_post_id='12' and respond_status=1 ) ORDER BY respond_id desc LIMIT 5   [ RunTime:0.0006s ]
SQL: SELECT COUNT(*) AS tp_count FROM `icebbs_bbs_respond` WHERE ( respond_post_id='12' and respond_status=1 ) LIMIT 1   [ RunTime:0.0007s ]
INFO: [ view_parse ] --START--
INFO: [ template_filter ] --START--
INFO: Run Behavior\ContentReplaceBehavior [ RunTime:0.000174s ]
INFO: [ template_filter ] --END-- [ RunTime:0.000238s ]
INFO: Run Behavior\ParseTemplateBehavior [ RunTime:0.020481s ]
INFO: [ view_parse ] --END-- [ RunTime:0.020546s ]
INFO: [ view_filter ] --START--
INFO: Run Behavior\WriteHtmlCacheBehavior [ RunTime:0.000469s ]
INFO: [ view_filter ] --END-- [ RunTime:0.000529s ]
INFO: [ app_end ] --START--
INFO: Run Behavior\ShowPageTraceBehavior [ RunTime:0.001400s ]
INFO: [ app_end ] --END-- [ RunTime:0.001465s ]

[ 2017-05-31T19:35:06+08:00 ] 182.41.90.199 /index.php/Home/bbs/read/id/12.html
INFO: [ app_init ] --START--
INFO: Run Behavior\BuildLiteBehavior [ RunTime:0.000026s ]
INFO: [ app_init ] --END-- [ RunTime:0.000885s ]
INFO: [ app_begin ] --START--
INFO: Run Behavior\ReadHtmlCacheBehavior [ RunTime:0.001215s ]
INFO: [ app_begin ] --END-- [ RunTime:0.001311s ]
SQL: SHOW COLUMNS FROM `icebbs_website` [ RunTime:0.0013s ]
SQL: SELECT * FROM `icebbs_website` WHERE ( status_id=1 )  [ RunTime:0.0007s ]
SQL: SELECT * FROM `icebbs_website` WHERE ( status_id=1 )  [ RunTime:0.0007s ]
SQL: SHOW COLUMNS FROM `icebbs_bbs_post` [ RunTime:0.0011s ]
SQL: SELECT COUNT(*) AS tp_count FROM `icebbs_bbs_post` WHERE `post_id` = 12 LIMIT 1   [ RunTime:0.0013s ]
SQL: SELECT * FROM `icebbs_bbs_post` WHERE `post_id` = 12  [ RunTime:0.0013s ]
SQL: SHOW COLUMNS FROM `icebbs_bbs_board` [ RunTime:0.0014s ]
SQL: SELECT `bbs_board_name` FROM `icebbs_bbs_board` WHERE `bbs_board_id` = 1 LIMIT 1   [ RunTime:0.0006s ]
SQL: SHOW COLUMNS FROM `icebbs_user` [ RunTime:0.0016s ]
SQL: SELECT * FROM `icebbs_user` WHERE ( user_id='1' )  [ RunTime:0.0007s ]
SQL: UPDATE `icebbs_bbs_post` SET `post_hot`='33',`post_read_time`='2017-05-31 19:35:05' WHERE ( post_id=12 ) [ RunTime:0.0007s ]
SQL: SHOW COLUMNS FROM `icebbs_bbs_respond` [ RunTime:0.0011s ]
SQL: SELECT * FROM `icebbs_bbs_respond` WHERE ( respond_post_id='12' and respond_status=1 ) ORDER BY respond_id desc LIMIT 5   [ RunTime:0.0006s ]
SQL: SELECT COUNT(*) AS tp_count FROM `icebbs_bbs_respond` WHERE ( respond_post_id='12' and respond_status=1 ) LIMIT 1   [ RunTime:0.0006s ]
INFO: [ view_parse ] --START--
INFO: [ template_filter ] --START--
INFO: Run Behavior\ContentReplaceBehavior [ RunTime:0.000173s ]
INFO: [ template_filter ] --END-- [ RunTime:0.000276s ]
INFO: Run Behavior\ParseTemplateBehavior [ RunTime:0.022948s ]
INFO: [ view_parse ] --END-- [ RunTime:0.023041s ]
INFO: [ view_filter ] --START--
INFO: Run Behavior\WriteHtmlCacheBehavior [ RunTime:0.000790s ]
INFO: [ view_filter ] --END-- [ RunTime:0.000886s ]
INFO: [ app_end ] --START--
INFO: Run Behavior\ShowPageTraceBehavior [ RunTime:0.001841s ]
INFO: [ app_end ] --END-- [ RunTime:0.001943s ]

